<?xml version="1.0"?>
<!DOCTYPE coverage SYSTEM "http://cobertura.sourceforge.net/xml/coverage-04.dtd">

<coverage line-rate="0.16666666666666666" branch-rate="1.0" lines-covered="1" lines-valid="6" branches-covered="0" branches-valid="0" complexity="1.0" version="2.1.1" timestamp="1512771241016">
	<sources>
		<source>/home/jtamland/Documents/springNews/target/generated-sources/annotations</source>
		<source>/home/jtamland/Documents/springNews/src/main/java</source>
		<source>--source</source>
	</sources>
	<packages>
		<package name="wad.configuration" line-rate="0.0" branch-rate="1.0" complexity="1.0">
			<classes>
				<class name="wad.configuration.ProductionConfiguration" filename="wad/configuration/ProductionConfiguration.java" line-rate="0.0" branch-rate="1.0" complexity="1.0">
					<methods>
						<method name="&lt;init&gt;" signature="()V" line-rate="0.0" branch-rate="1.0" complexity="0">
							<lines>
								<line number="14" hits="0" branch="false"/>
							</lines>
						</method>
						<method name="dataSource" signature="()Ljavax/sql/DataSource;" line-rate="0.0" branch-rate="1.0" complexity="0">
							<lines>
								<line number="19" hits="0" branch="false"/>
							</lines>
						</method>
					</methods>
					<lines>
						<line number="14" hits="0" branch="false"/>
						<line number="19" hits="0" branch="false"/>
					</lines>
				</class>
			</classes>
		</package>
		<package name="wad.controller" line-rate="0.5" branch-rate="1.0" complexity="1.0">
			<classes>
				<class name="wad.controller.DefaultController" filename="wad/controller/DefaultController.java" line-rate="0.5" branch-rate="1.0" complexity="1.0">
					<methods>
						<method name="&lt;init&gt;" signature="()V" line-rate="1.0" branch-rate="1.0" complexity="0">
							<lines>
								<line number="7" hits="1" branch="false"/>
							</lines>
						</method>
						<method name="main" signature="()Ljava/lang/String;" line-rate="0.0" branch-rate="1.0" complexity="0">
							<lines>
								<line number="11" hits="0" branch="false"/>
							</lines>
						</method>
					</methods>
					<lines>
						<line number="7" hits="1" branch="false"/>
						<line number="11" hits="0" branch="false"/>
					</lines>
				</class>
			</classes>
		</package>
		<package name="wad.domain" line-rate="0.0" branch-rate="1.0" complexity="1.0">
			<classes>
				<class name="wad.domain.EditedNews" filename="wad/domain/EditedNews.java" line-rate="0.0" branch-rate="1.0" complexity="1.0">
					<methods>
						<method name="&lt;init&gt;" signature="()V" line-rate="0.0" branch-rate="1.0" complexity="0">
							<lines>
								<line number="5" hits="0" branch="false"/>
								<line number="7" hits="0" branch="false"/>
							</lines>
						</method>
					</methods>
					<lines>
						<line number="5" hits="0" branch="false"/>
						<line number="7" hits="0" branch="false"/>
					</lines>
				</class>
			</classes>
		</package>
		<package name="wad.repository" line-rate="1.0" branch-rate="1.0" complexity="0.0">
			<classes>
				<class name="wad.repository.ImageRepository" filename="wad/repository/ImageRepository.java" line-rate="1.0" branch-rate="1.0" complexity="0.0">
					<methods>
					</methods>
					<lines>
					</lines>
				</class>
			</classes>
		</package>
	</packages>
</coverage>
