<?xml version="1.0" encoding="UTF-8"?>
<testsuite xmlns:xsi="http://www.w3.org/2001/XMLSchema-instance" xsi:noNamespaceSchemaLocation="https://maven.apache.org/surefire/maven-surefire-plugin/xsd/surefire-test-report.xsd" name="wad.serviceTests.NewServiceTest" time="5.371" tests="1" errors="1" skipped="0" failures="0">
  <properties>
[...]
</properties>
  <testcase name="handleEditNews" classname="wad.serviceTests.NewServiceTest" time="0.011">
    <error message="Failed to load ApplicationContext" type="java.lang.IllegalStateException">java.lang.IllegalStateException: Failed to load ApplicationContext
Caused by: org.springframework.beans.factory.UnsatisfiedDependencyException: Error creating bean with name 'org.springframework.boot.autoconfigure.orm.jpa.HibernateJpaConfiguration': Unsatisfied dependency expressed through constructor parameter 0; nested exception is org.springframework.beans.factory.BeanCreationException: Error creating bean with name 'dataSource': Could not bind properties to 'HikariDataSource': prefix=spring.datasource, ignoreInvalidFields=false, ignoreUnknownFields=true; nested exception is org.springframework.boot.context.properties.bind.BindException: Failed to bind properties under 'spring.datasource.username' to java.lang.String
Caused by: org.springframework.beans.factory.BeanCreationException: Error creating bean with name 'dataSource': Could not bind properties to 'HikariDataSource': prefix=spring.datasource, ignoreInvalidFields=false, ignoreUnknownFields=true; nested exception is org.springframework.boot.context.properties.bind.BindException: Failed to bind properties under 'spring.datasource.username' to java.lang.String
Caused by: org.springframework.boot.context.properties.bind.BindException: Failed to bind properties under 'spring.datasource.username' to java.lang.String
Caused by: java.lang.IllegalArgumentException: Could not resolve placeholder 'JDBC_DATABASE_USERNAME' in value "${JDBC_DATABASE_USERNAME}"
</error>
    <system-out><![CDATA[23:49:31.354 [main] DEBUG org.springframework.test.context.junit4.SpringJUnit4ClassRunner - SpringJUnit4ClassRunner constructor called with [class wad.serviceTests.NewServiceTest]
23:49:31.369 [main] DEBUG org.springframework.test.context.BootstrapUtils - Instantiating CacheAwareContextLoaderDelegate from class [org.springframework.test.context.cache.DefaultCacheAwareContextLoaderDelegate]
23:49:31.398 [main] DEBUG org.springframework.test.context.BootstrapUtils - Instantiating BootstrapContext using constructor [public org.springframework.test.context.support.DefaultBootstrapContext(java.lang.Class,org.springframework.test.context.CacheAwareContextLoaderDelegate)]
23:49:31.453 [main] DEBUG org.springframework.test.context.BootstrapUtils - Instantiating TestContextBootstrapper for test class [wad.serviceTests.NewServiceTest] from class [org.springframework.boot.test.context.SpringBootTestContextBootstrapper]
23:49:31.496 [main] INFO org.springframework.boot.test.context.SpringBootTestContextBootstrapper - Neither @ContextConfiguration nor @ContextHierarchy found for test class [wad.serviceTests.NewServiceTest], using SpringBootContextLoader
23:49:31.507 [main] DEBUG org.springframework.test.context.support.AbstractContextLoader - Did not detect default resource location for test class [wad.serviceTests.NewServiceTest]: class path resource [wad/serviceTests/NewServiceTest-context.xml] does not exist
23:49:31.508 [main] DEBUG org.springframework.test.context.support.AbstractContextLoader - Did not detect default resource location for test class [wad.serviceTests.NewServiceTest]: class path resource [wad/serviceTests/NewServiceTestContext.groovy] does not exist
23:49:31.508 [main] INFO org.springframework.test.context.support.AbstractContextLoader - Could not detect default resource locations for test class [wad.serviceTests.NewServiceTest]: no resource found for suffixes {-context.xml, Context.groovy}.
23:49:31.510 [main] INFO org.springframework.test.context.support.AnnotationConfigContextLoaderUtils - Could not detect default configuration classes for test class [wad.serviceTests.NewServiceTest]: NewServiceTest does not declare any static, non-private, non-final, nested classes annotated with @Configuration.
23:49:31.613 [main] DEBUG org.springframework.core.env.StandardEnvironment - Adding PropertySource 'systemProperties' with lowest search precedence
23:49:31.614 [main] DEBUG org.springframework.core.env.StandardEnvironment - Adding PropertySource 'systemEnvironment' with lowest search precedence
23:49:31.615 [main] DEBUG org.springframework.core.env.StandardEnvironment - Initialized StandardEnvironment with PropertySources [MapPropertySource@1820920259 {name='systemProperties', properties={java.runtime.name=Java(TM) SE Runtime Environment, sun.boot.library.path=/usr/lib/jvm/java-8-oracle/jre/lib/amd64, java.vm.version=25.151-b12, user.country.format=FI, java.vm.vendor=Oracle Corporation, java.vendor.url=http://java.oracle.com/, path.separator=:, java.vm.name=Java HotSpot(TM) 64-Bit Server VM, file.encoding.pkg=sun.io, user.country=GB, sun.java.launcher=SUN_STANDARD, sun.os.patch.level=unknown, java.vm.specification.name=Java Virtual Machine Specification, user.dir=/home/jtamland/Documents/springNews, java.runtime.version=1.8.0_151-b12, basedir=/home/jtamland/Documents/springNews, java.awt.graphicsenv=sun.awt.X11GraphicsEnvironment, java.endorsed.dirs=/usr/lib/jvm/java-8-oracle/jre/lib/endorsed, os.arch=amd64, surefire.real.class.path=/home/jtamland/Documents/springNews/target/surefire/surefirebooter7536458021231294939.jar:/home/jtamland/.m2/repository/org/jacoco/org.jacoco.agent/0.7.5.201505241946/org.jacoco.agent-0.7.5.201505241946-runtime.jar, java.io.tmpdir=/tmp, line.separator=
, java.vm.specification.vendor=Oracle Corporation, os.name=Linux, sun.jnu.encoding=UTF-8, java.library.path=/usr/java/packages/lib/amd64:/usr/lib64:/lib64:/lib:/usr/lib, surefire.test.class.path=/home/jtamland/Documents/springNews/target/test-classes:/home/jtamland/Documents/springNews/target/classes:/home/jtamland/.m2/repository/org/springframework/boot/spring-boot-starter-data-jpa/2.0.0.M5/spring-boot-starter-data-jpa-2.0.0.M5.jar:/home/jtamland/.m2/repository/org/springframework/boot/spring-boot-starter/2.0.0.M5/spring-boot-starter-2.0.0.M5.jar:/home/jtamland/.m2/repository/org/springframework/boot/spring-boot-starter-logging/2.0.0.M5/spring-boot-starter-logging-2.0.0.M5.jar:/home/jtamland/.m2/repository/ch/qos/logback/logback-classic/1.2.3/logback-classic-1.2.3.jar:/home/jtamland/.m2/repository/ch/qos/logback/logback-core/1.2.3/logback-core-1.2.3.jar:/home/jtamland/.m2/repository/org/slf4j/jul-to-slf4j/1.7.25/jul-to-slf4j-1.7.25.jar:/home/jtamland/.m2/repository/org/slf4j/log4j-over-slf4j/1.7.25/log4j-over-slf4j-1.7.25.jar:/home/jtamland/.m2/repository/javax/annotation/javax.annotation-api/1.3.1/javax.annotation-api-1.3.1.jar:/home/jtamland/.m2/repository/org/yaml/snakeyaml/1.18/snakeyaml-1.18.jar:/home/jtamland/.m2/repository/org/springframework/boot/spring-boot-starter-aop/2.0.0.M5/spring-boot-starter-aop-2.0.0.M5.jar:/home/jtamland/.m2/repository/org/springframework/spring-aop/5.0.0.RELEASE/spring-aop-5.0.0.RELEASE.jar:/home/jtamland/.m2/repository/org/aspectj/aspectjweaver/1.8.11/aspectjweaver-1.8.11.jar:/home/jtamland/.m2/repository/org/springframework/boot/spring-boot-starter-jdbc/2.0.0.M5/spring-boot-starter-jdbc-2.0.0.M5.jar:/home/jtamland/.m2/repository/com/zaxxer/HikariCP/2.7.2/HikariCP-2.7.2.jar:/home/jtamland/.m2/repository/org/springframework/spring-jdbc/5.0.0.RELEASE/spring-jdbc-5.0.0.RELEASE.jar:/home/jtamland/.m2/repository/org/hibernate/hibernate-core/5.2.11.Final/hibernate-core-5.2.11.Final.jar:/home/jtamland/.m2/repository/org/jboss/logging/jboss-logging/3.3.1.Final/jboss-logging-3.3.1.Final.jar:/home/jtamland/.m2/repository/org/hibernate/javax/persistence/hibernate-jpa-2.1-api/1.0.0.Final/hibernate-jpa-2.1-api-1.0.0.Final.jar:/home/jtamland/.m2/repository/org/javassist/javassist/3.22.0-CR2/javassist-3.22.0-CR2.jar:/home/jtamland/.m2/repository/antlr/antlr/2.7.7/antlr-2.7.7.jar:/home/jtamland/.m2/repository/org/jboss/jandex/2.0.3.Final/jandex-2.0.3.Final.jar:/home/jtamland/.m2/repository/com/fasterxml/classmate/1.3.4/classmate-1.3.4.jar:/home/jtamland/.m2/repository/dom4j/dom4j/1.6.1/dom4j-1.6.1.jar:/home/jtamland/.m2/repository/org/hibernate/common/hibernate-commons-annotations/5.0.1.Final/hibernate-commons-annotations-5.0.1.Final.jar:/home/jtamland/.m2/repository/javax/transaction/javax.transaction-api/1.2/javax.transaction-api-1.2.jar:/home/jtamland/.m2/repository/org/springframework/data/spring-data-jpa/2.0.0.RELEASE/spring-data-jpa-2.0.0.RELEASE.jar:/home/jtamland/.m2/repository/org/springframework/data/spring-data-commons/2.0.0.RELEASE/spring-data-commons-2.0.0.RELEASE.jar:/home/jtamland/.m2/repository/org/springframework/spring-orm/5.0.0.RELEASE/spring-orm-5.0.0.RELEASE.jar:/home/jtamland/.m2/repository/org/springframework/spring-context/5.0.0.RELEASE/spring-context-5.0.0.RELEASE.jar:/home/jtamland/.m2/repository/org/springframework/spring-tx/5.0.0.RELEASE/spring-tx-5.0.0.RELEASE.jar:/home/jtamland/.m2/repository/org/springframework/spring-beans/5.0.0.RELEASE/spring-beans-5.0.0.RELEASE.jar:/home/jtamland/.m2/repository/org/slf4j/slf4j-api/1.7.25/slf4j-api-1.7.25.jar:/home/jtamland/.m2/repository/org/springframework/spring-aspects/5.0.0.RELEASE/spring-aspects-5.0.0.RELEASE.jar:/home/jtamland/.m2/repository/org/springframework/boot/spring-boot-starter-thymeleaf/2.0.0.M5/spring-boot-starter-thymeleaf-2.0.0.M5.jar:/home/jtamland/.m2/repository/org/thymeleaf/thymeleaf-spring5/3.0.8.RELEASE/thymeleaf-spring5-3.0.8.RELEASE.jar:/home/jtamland/.m2/repository/org/thymeleaf/thymeleaf/3.0.8.RELEASE/thymeleaf-3.0.8.RELEASE.jar:/home/jtamland/.m2/repository/org/attoparser/attoparser/2.0.4.RELEASE/attoparser-2.0.4.RELEASE.jar:/home/jtamland/.m2/repository/org/unbescape/unbescape/1.1.5.RELEASE/unbescape-1.1.5.RELEASE.jar:/home/jtamland/.m2/repository/org/thymeleaf/extras/thymeleaf-extras-java8time/3.0.1.RELEASE/thymeleaf-extras-java8time-3.0.1.RELEASE.jar:/home/jtamland/.m2/repository/org/springframework/boot/spring-boot-starter-web/2.0.0.M5/spring-boot-starter-web-2.0.0.M5.jar:/home/jtamland/.m2/repository/org/springframework/boot/spring-boot-starter-json/2.0.0.M5/spring-boot-starter-json-2.0.0.M5.jar:/home/jtamland/.m2/repository/com/fasterxml/jackson/core/jackson-databind/2.9.1/jackson-databind-2.9.1.jar:/home/jtamland/.m2/repository/com/fasterxml/jackson/core/jackson-annotations/2.9.0/jackson-annotations-2.9.0.jar:/home/jtamland/.m2/repository/com/fasterxml/jackson/core/jackson-core/2.9.1/jackson-core-2.9.1.jar:/home/jtamland/.m2/repository/com/fasterxml/jackson/datatype/jackson-datatype-jdk8/2.9.1/jackson-datatype-jdk8-2.9.1.jar:/home/jtamland/.m2/repository/com/fasterxml/jackson/datatype/jackson-datatype-jsr310/2.9.1/jackson-datatype-jsr310-2.9.1.jar:/home/jtamland/.m2/repository/com/fasterxml/jackson/module/jackson-module-parameter-names/2.9.1/jackson-module-parameter-names-2.9.1.jar:/home/jtamland/.m2/repository/com/fasterxml/jackson/module/jackson-module-kotlin/2.9.1/jackson-module-kotlin-2.9.1.jar:/home/jtamland/.m2/repository/org/springframework/boot/spring-boot-starter-tomcat/2.0.0.M5/spring-boot-starter-tomcat-2.0.0.M5.jar:/home/jtamland/.m2/repository/org/apache/tomcat/embed/tomcat-embed-core/8.5.23/tomcat-embed-core-8.5.23.jar:/home/jtamland/.m2/repository/org/apache/tomcat/tomcat-annotations-api/8.5.23/tomcat-annotations-api-8.5.23.jar:/home/jtamland/.m2/repository/org/apache/tomcat/embed/tomcat-embed-el/8.5.23/tomcat-embed-el-8.5.23.jar:/home/jtamland/.m2/repository/org/apache/tomcat/embed/tomcat-embed-websocket/8.5.23/tomcat-embed-websocket-8.5.23.jar:/home/jtamland/.m2/repository/org/hibernate/validator/hibernate-validator/6.0.2.Final/hibernate-validator-6.0.2.Final.jar:/home/jtamland/.m2/repository/javax/validation/validation-api/2.0.0.Final/validation-api-2.0.0.Final.jar:/home/jtamland/.m2/repository/org/springframework/spring-web/5.0.0.RELEASE/spring-web-5.0.0.RELEASE.jar:/home/jtamland/.m2/repository/org/springframework/spring-webmvc/5.0.0.RELEASE/spring-webmvc-5.0.0.RELEASE.jar:/home/jtamland/.m2/repository/org/springframework/spring-expression/5.0.0.RELEASE/spring-expression-5.0.0.RELEASE.jar:/home/jtamland/.m2/repository/org/springframework/boot/spring-boot-devtools/2.0.0.M5/spring-boot-devtools-2.0.0.M5.jar:/home/jtamland/.m2/repository/org/springframework/boot/spring-boot/2.0.0.M5/spring-boot-2.0.0.M5.jar:/home/jtamland/.m2/repository/org/springframework/boot/spring-boot-autoconfigure/2.0.0.M5/spring-boot-autoconfigure-2.0.0.M5.jar:/home/jtamland/.m2/repository/org/springframework/boot/spring-boot-starter-test/2.0.0.M5/spring-boot-starter-test-2.0.0.M5.jar:/home/jtamland/.m2/repository/org/springframework/boot/spring-boot-test/2.0.0.M5/spring-boot-test-2.0.0.M5.jar:/home/jtamland/.m2/repository/org/springframework/boot/spring-boot-test-autoconfigure/2.0.0.M5/spring-boot-test-autoconfigure-2.0.0.M5.jar:/home/jtamland/.m2/repository/com/jayway/jsonpath/json-path/2.4.0/json-path-2.4.0.jar:/home/jtamland/.m2/repository/net/minidev/json-smart/2.3/json-smart-2.3.jar:/home/jtamland/.m2/repository/net/minidev/accessors-smart/1.2/accessors-smart-1.2.jar:/home/jtamland/.m2/repository/org/ow2/asm/asm/5.0.4/asm-5.0.4.jar:/home/jtamland/.m2/repository/junit/junit/4.12/junit-4.12.jar:/home/jtamland/.m2/repository/org/assertj/assertj-core/3.8.0/assertj-core-3.8.0.jar:/home/jtamland/.m2/repository/org/mockito/mockito-core/2.10.0/mockito-core-2.10.0.jar:/home/jtamland/.m2/repository/net/bytebuddy/byte-buddy/1.7.6/byte-buddy-1.7.6.jar:/home/jtamland/.m2/repository/net/bytebuddy/byte-buddy-agent/1.7.6/byte-buddy-agent-1.7.6.jar:/home/jtamland/.m2/repository/org/objenesis/objenesis/2.6/objenesis-2.6.jar:/home/jtamland/.m2/repository/org/hamcrest/hamcrest-core/1.3/hamcrest-core-1.3.jar:/home/jtamland/.m2/repository/org/hamcrest/hamcrest-library/1.3/hamcrest-library-1.3.jar:/home/jtamland/.m2/repository/org/skyscreamer/jsonassert/1.5.0/jsonassert-1.5.0.jar:/home/jtamland/.m2/repository/com/vaadin/external/google/android-json/0.0.20131108.vaadin1/android-json-0.0.20131108.vaadin1.jar:/home/jtamland/.m2/repository/org/springframework/spring-core/5.0.0.RELEASE/spring-core-5.0.0.RELEASE.jar:/home/jtamland/.m2/repository/org/springframework/spring-jcl/5.0.0.RELEASE/spring-jcl-5.0.0.RELEASE.jar:/home/jtamland/.m2/repository/org/springframework/spring-test/5.0.0.RELEASE/spring-test-5.0.0.RELEASE.jar:/home/jtamland/.m2/repository/org/xmlunit/xmlunit-core/2.5.0/xmlunit-core-2.5.0.jar:/home/jtamland/.m2/repository/com/h2database/h2/1.4.196/h2-1.4.196.jar:/home/jtamland/.m2/repository/org/postgresql/postgresql/42.1.4/postgresql-42.1.4.jar:/home/jtamland/.m2/repository/org/projectlombok/lombok/1.16.18/lombok-1.16.18.jar:/home/jtamland/.m2/repository/org/jacoco/jacoco-maven-plugin/0.7.5.201505241946/jacoco-maven-plugin-0.7.5.201505241946.jar:/home/jtamland/.m2/repository/org/apache/maven/maven-plugin-api/2.2.1/maven-plugin-api-2.2.1.jar:/home/jtamland/.m2/repository/org/apache/maven/maven-project/2.2.1/maven-project-2.2.1.jar:/home/jtamland/.m2/repository/org/apache/maven/maven-settings/2.2.1/maven-settings-2.2.1.jar:/home/jtamland/.m2/repository/org/apache/maven/maven-profile/2.2.1/maven-profile-2.2.1.jar:/home/jtamland/.m2/repository/org/apache/maven/maven-model/2.2.1/maven-model-2.2.1.jar:/home/jtamland/.m2/repository/org/apache/maven/maven-artifact-manager/2.2.1/maven-artifact-manager-2.2.1.jar:/home/jtamland/.m2/repository/org/apache/maven/maven-repository-metadata/2.2.1/maven-repository-metadata-2.2.1.jar:/home/jtamland/.m2/repository/org/apache/maven/wagon/wagon-provider-api/1.0-beta-6/wagon-provider-api-1.0-beta-6.jar:/home/jtamland/.m2/repository/backport-util-concurrent/backport-util-concurrent/3.1/backport-util-concurrent-3.1.jar:/home/jtamland/.m2/repository/org/apache/maven/maven-plugin-registry/2.2.1/maven-plugin-registry-2.2.1.jar:/home/jtamland/.m2/repository/org/codehaus/plexus/plexus-interpolation/1.11/plexus-interpolation-1.11.jar:/home/jtamland/.m2/repository/org/apache/maven/maven-artifact/2.2.1/maven-artifact-2.2.1.jar:/home/jtamland/.m2/repository/org/codehaus/plexus/plexus-container-default/1.0-alpha-9-stable-1/plexus-container-default-1.0-alpha-9-stable-1.jar:/home/jtamland/.m2/repository/classworlds/classworlds/1.1-alpha-2/classworlds-1.1-alpha-2.jar:/home/jtamland/.m2/repository/org/codehaus/plexus/plexus-utils/1.5.6/plexus-utils-1.5.6.jar:/home/jtamland/.m2/repository/org/apache/maven/shared/file-management/1.2.1/file-management-1.2.1.jar:/home/jtamland/.m2/repository/org/apache/maven/shared/maven-shared-io/1.1/maven-shared-io-1.1.jar:/home/jtamland/.m2/repository/org/apache/maven/reporting/maven-reporting-api/2.2.1/maven-reporting-api-2.2.1.jar:/home/jtamland/.m2/repository/org/apache/maven/doxia/doxia-sink-api/1.1/doxia-sink-api-1.1.jar:/home/jtamland/.m2/repository/org/apache/maven/doxia/doxia-logging-api/1.1/doxia-logging-api-1.1.jar:/home/jtamland/.m2/repository/org/apache/maven/reporting/maven-reporting-impl/2.1/maven-reporting-impl-2.1.jar:/home/jtamland/.m2/repository/org/apache/maven/doxia/doxia-core/1.1.2/doxia-core-1.1.2.jar:/home/jtamland/.m2/repository/xerces/xercesImpl/2.8.1/xercesImpl-2.8.1.jar:/home/jtamland/.m2/repository/commons-lang/commons-lang/2.4/commons-lang-2.4.jar:/home/jtamland/.m2/repository/commons-httpclient/commons-httpclient/3.1/commons-httpclient-3.1.jar:/home/jtamland/.m2/repository/commons-codec/commons-codec/1.10/commons-codec-1.10.jar:/home/jtamland/.m2/repository/org/apache/maven/doxia/doxia-site-renderer/1.1.2/doxia-site-renderer-1.1.2.jar:/home/jtamland/.m2/repository/org/apache/maven/doxia/doxia-decoration-model/1.1.2/doxia-decoration-model-1.1.2.jar:/home/jtamland/.m2/repository/org/apache/maven/doxia/doxia-module-xhtml/1.1.2/doxia-module-xhtml-1.1.2.jar:/home/jtamland/.m2/repository/org/apache/maven/doxia/doxia-module-fml/1.1.2/doxia-module-fml-1.1.2.jar:/home/jtamland/.m2/repository/org/codehaus/plexus/plexus-i18n/1.0-beta-7/plexus-i18n-1.0-beta-7.jar:/home/jtamland/.m2/repository/org/codehaus/plexus/plexus-velocity/1.1.7/plexus-velocity-1.1.7.jar:/home/jtamland/.m2/repository/org/apache/velocity/velocity/1.5/velocity-1.5.jar:/home/jtamland/.m2/repository/commons-collections/commons-collections/3.2.2/commons-collections-3.2.2.jar:/home/jtamland/.m2/repository/commons-validator/commons-validator/1.2.0/commons-validator-1.2.0.jar:/home/jtamland/.m2/repository/commons-beanutils/commons-beanutils/1.9.3/commons-beanutils-1.9.3.jar:/home/jtamland/.m2/repository/commons-digester/commons-digester/2.1/commons-digester-2.1.jar:/home/jtamland/.m2/repository/commons-logging/commons-logging/1.0.4/commons-logging-1.0.4.jar:/home/jtamland/.m2/repository/oro/oro/2.0.8/oro-2.0.8.jar:/home/jtamland/.m2/repository/xml-apis/xml-apis/1.4.01/xml-apis-1.4.01.jar:/home/jtamland/.m2/repository/org/jacoco/org.jacoco.agent/0.7.5.201505241946/org.jacoco.agent-0.7.5.201505241946-runtime.jar:/home/jtamland/.m2/repository/org/jacoco/org.jacoco.core/0.7.5.201505241946/org.jacoco.core-0.7.5.201505241946.jar:/home/jtamland/.m2/repository/org/ow2/asm/asm-debug-all/5.0.1/asm-debug-all-5.0.1.jar:/home/jtamland/.m2/repository/org/jacoco/org.jacoco.report/0.7.5.201505241946/org.jacoco.report-0.7.5.201505241946.jar:, java.specification.name=Java Platform API Specification, java.class.version=52.0, sun.management.compiler=HotSpot 64-Bit Tiered Compilers, os.version=4.4.0-101-generic, user.home=/home/jtamland, user.timezone=Europe/Helsinki, java.awt.printerjob=sun.print.PSPrinterJob, file.encoding=UTF-8, java.specification.version=1.8, java.class.path=/home/jtamland/Documents/springNews/target/test-classes:/home/jtamland/Documents/springNews/target/classes:/home/jtamland/.m2/repository/org/springframework/boot/spring-boot-starter-data-jpa/2.0.0.M5/spring-boot-starter-data-jpa-2.0.0.M5.jar:/home/jtamland/.m2/repository/org/springframework/boot/spring-boot-starter/2.0.0.M5/spring-boot-starter-2.0.0.M5.jar:/home/jtamland/.m2/repository/org/springframework/boot/spring-boot-starter-logging/2.0.0.M5/spring-boot-starter-logging-2.0.0.M5.jar:/home/jtamland/.m2/repository/ch/qos/logback/logback-classic/1.2.3/logback-classic-1.2.3.jar:/home/jtamland/.m2/repository/ch/qos/logback/logback-core/1.2.3/logback-core-1.2.3.jar:/home/jtamland/.m2/repository/org/slf4j/jul-to-slf4j/1.7.25/jul-to-slf4j-1.7.25.jar:/home/jtamland/.m2/repository/org/slf4j/log4j-over-slf4j/1.7.25/log4j-over-slf4j-1.7.25.jar:/home/jtamland/.m2/repository/javax/annotation/javax.annotation-api/1.3.1/javax.annotation-api-1.3.1.jar:/home/jtamland/.m2/repository/org/yaml/snakeyaml/1.18/snakeyaml-1.18.jar:/home/jtamland/.m2/repository/org/springframework/boot/spring-boot-starter-aop/2.0.0.M5/spring-boot-starter-aop-2.0.0.M5.jar:/home/jtamland/.m2/repository/org/springframework/spring-aop/5.0.0.RELEASE/spring-aop-5.0.0.RELEASE.jar:/home/jtamland/.m2/repository/org/aspectj/aspectjweaver/1.8.11/aspectjweaver-1.8.11.jar:/home/jtamland/.m2/repository/org/springframework/boot/spring-boot-starter-jdbc/2.0.0.M5/spring-boot-starter-jdbc-2.0.0.M5.jar:/home/jtamland/.m2/repository/com/zaxxer/HikariCP/2.7.2/HikariCP-2.7.2.jar:/home/jtamland/.m2/repository/org/springframework/spring-jdbc/5.0.0.RELEASE/spring-jdbc-5.0.0.RELEASE.jar:/home/jtamland/.m2/repository/org/hibernate/hibernate-core/5.2.11.Final/hibernate-core-5.2.11.Final.jar:/home/jtamland/.m2/repository/org/jboss/logging/jboss-logging/3.3.1.Final/jboss-logging-3.3.1.Final.jar:/home/jtamland/.m2/repository/org/hibernate/javax/persistence/hibernate-jpa-2.1-api/1.0.0.Final/hibernate-jpa-2.1-api-1.0.0.Final.jar:/home/jtamland/.m2/repository/org/javassist/javassist/3.22.0-CR2/javassist-3.22.0-CR2.jar:/home/jtamland/.m2/repository/antlr/antlr/2.7.7/antlr-2.7.7.jar:/home/jtamland/.m2/repository/org/jboss/jandex/2.0.3.Final/jandex-2.0.3.Final.jar:/home/jtamland/.m2/repository/com/fasterxml/classmate/1.3.4/classmate-1.3.4.jar:/home/jtamland/.m2/repository/dom4j/dom4j/1.6.1/dom4j-1.6.1.jar:/home/jtamland/.m2/repository/org/hibernate/common/hibernate-commons-annotations/5.0.1.Final/hibernate-commons-annotations-5.0.1.Final.jar:/home/jtamland/.m2/repository/javax/transaction/javax.transaction-api/1.2/javax.transaction-api-1.2.jar:/home/jtamland/.m2/repository/org/springframework/data/spring-data-jpa/2.0.0.RELEASE/spring-data-jpa-2.0.0.RELEASE.jar:/home/jtamland/.m2/repository/org/springframework/data/spring-data-commons/2.0.0.RELEASE/spring-data-commons-2.0.0.RELEASE.jar:/home/jtamland/.m2/repository/org/springframework/spring-orm/5.0.0.RELEASE/spring-orm-5.0.0.RELEASE.jar:/home/jtamland/.m2/repository/org/springframework/spring-context/5.0.0.RELEASE/spring-context-5.0.0.RELEASE.jar:/home/jtamland/.m2/repository/org/springframework/spring-tx/5.0.0.RELEASE/spring-tx-5.0.0.RELEASE.jar:/home/jtamland/.m2/repository/org/springframework/spring-beans/5.0.0.RELEASE/spring-beans-5.0.0.RELEASE.jar:/home/jtamland/.m2/repository/org/slf4j/slf4j-api/1.7.25/slf4j-api-1.7.25.jar:/home/jtamland/.m2/repository/org/springframework/spring-aspects/5.0.0.RELEASE/spring-aspects-5.0.0.RELEASE.jar:/home/jtamland/.m2/repository/org/springframework/boot/spring-boot-starter-thymeleaf/2.0.0.M5/spring-boot-starter-thymeleaf-2.0.0.M5.jar:/home/jtamland/.m2/repository/org/thymeleaf/thymeleaf-spring5/3.0.8.RELEASE/thymeleaf-spring5-3.0.8.RELEASE.jar:/home/jtamland/.m2/repository/org/thymeleaf/thymeleaf/3.0.8.RELEASE/thymeleaf-3.0.8.RELEASE.jar:/home/jtamland/.m2/repository/org/attoparser/attoparser/2.0.4.RELEASE/attoparser-2.0.4.RELEASE.jar:/home/jtamland/.m2/repository/org/unbescape/unbescape/1.1.5.RELEASE/unbescape-1.1.5.RELEASE.jar:/home/jtamland/.m2/repository/org/thymeleaf/extras/thymeleaf-extras-java8time/3.0.1.RELEASE/thymeleaf-extras-java8time-3.0.1.RELEASE.jar:/home/jtamland/.m2/repository/org/springframework/boot/spring-boot-starter-web/2.0.0.M5/spring-boot-starter-web-2.0.0.M5.jar:/home/jtamland/.m2/repository/org/springframework/boot/spring-boot-starter-json/2.0.0.M5/spring-boot-starter-json-2.0.0.M5.jar:/home/jtamland/.m2/repository/com/fasterxml/jackson/core/jackson-databind/2.9.1/jackson-databind-2.9.1.jar:/home/jtamland/.m2/repository/com/fasterxml/jackson/core/jackson-annotations/2.9.0/jackson-annotations-2.9.0.jar:/home/jtamland/.m2/repository/com/fasterxml/jackson/core/jackson-core/2.9.1/jackson-core-2.9.1.jar:/home/jtamland/.m2/repository/com/fasterxml/jackson/datatype/jackson-datatype-jdk8/2.9.1/jackson-datatype-jdk8-2.9.1.jar:/home/jtamland/.m2/repository/com/fasterxml/jackson/datatype/jackson-datatype-jsr310/2.9.1/jackson-datatype-jsr310-2.9.1.jar:/home/jtamland/.m2/repository/com/fasterxml/jackson/module/jackson-module-parameter-names/2.9.1/jackson-module-parameter-names-2.9.1.jar:/home/jtamland/.m2/repository/com/fasterxml/jackson/module/jackson-module-kotlin/2.9.1/jackson-module-kotlin-2.9.1.jar:/home/jtamland/.m2/repository/org/springframework/boot/spring-boot-starter-tomcat/2.0.0.M5/spring-boot-starter-tomcat-2.0.0.M5.jar:/home/jtamland/.m2/repository/org/apache/tomcat/embed/tomcat-embed-core/8.5.23/tomcat-embed-core-8.5.23.jar:/home/jtamland/.m2/repository/org/apache/tomcat/tomcat-annotations-api/8.5.23/tomcat-annotations-api-8.5.23.jar:/home/jtamland/.m2/repository/org/apache/tomcat/embed/tomcat-embed-el/8.5.23/tomcat-embed-el-8.5.23.jar:/home/jtamland/.m2/repository/org/apache/tomcat/embed/tomcat-embed-websocket/8.5.23/tomcat-embed-websocket-8.5.23.jar:/home/jtamland/.m2/repository/org/hibernate/validator/hibernate-validator/6.0.2.Final/hibernate-validator-6.0.2.Final.jar:/home/jtamland/.m2/repository/javax/validation/validation-api/2.0.0.Final/validation-api-2.0.0.Final.jar:/home/jtamland/.m2/repository/org/springframework/spring-web/5.0.0.RELEASE/spring-web-5.0.0.RELEASE.jar:/home/jtamland/.m2/repository/org/springframework/spring-webmvc/5.0.0.RELEASE/spring-webmvc-5.0.0.RELEASE.jar:/home/jtamland/.m2/repository/org/springframework/spring-expression/5.0.0.RELEASE/spring-expression-5.0.0.RELEASE.jar:/home/jtamland/.m2/repository/org/springframework/boot/spring-boot-devtools/2.0.0.M5/spring-boot-devtools-2.0.0.M5.jar:/home/jtamland/.m2/repository/org/springframework/boot/spring-boot/2.0.0.M5/spring-boot-2.0.0.M5.jar:/home/jtamland/.m2/repository/org/springframework/boot/spring-boot-autoconfigure/2.0.0.M5/spring-boot-autoconfigure-2.0.0.M5.jar:/home/jtamland/.m2/repository/org/springframework/boot/spring-boot-starter-test/2.0.0.M5/spring-boot-starter-test-2.0.0.M5.jar:/home/jtamland/.m2/repository/org/springframework/boot/spring-boot-test/2.0.0.M5/spring-boot-test-2.0.0.M5.jar:/home/jtamland/.m2/repository/org/springframework/boot/spring-boot-test-autoconfigure/2.0.0.M5/spring-boot-test-autoconfigure-2.0.0.M5.jar:/home/jtamland/.m2/repository/com/jayway/jsonpath/json-path/2.4.0/json-path-2.4.0.jar:/home/jtamland/.m2/repository/net/minidev/json-smart/2.3/json-smart-2.3.jar:/home/jtamland/.m2/repository/net/minidev/accessors-smart/1.2/accessors-smart-1.2.jar:/home/jtamland/.m2/repository/org/ow2/asm/asm/5.0.4/asm-5.0.4.jar:/home/jtamland/.m2/repository/junit/junit/4.12/junit-4.12.jar:/home/jtamland/.m2/repository/org/assertj/assertj-core/3.8.0/assertj-core-3.8.0.jar:/home/jtamland/.m2/repository/org/mockito/mockito-core/2.10.0/mockito-core-2.10.0.jar:/home/jtamland/.m2/repository/net/bytebuddy/byte-buddy/1.7.6/byte-buddy-1.7.6.jar:/home/jtamland/.m2/repository/net/bytebuddy/byte-buddy-agent/1.7.6/byte-buddy-agent-1.7.6.jar:/home/jtamland/.m2/repository/org/objenesis/objenesis/2.6/objenesis-2.6.jar:/home/jtamland/.m2/repository/org/hamcrest/hamcrest-core/1.3/hamcrest-core-1.3.jar:/home/jtamland/.m2/repository/org/hamcrest/hamcrest-library/1.3/hamcrest-library-1.3.jar:/home/jtamland/.m2/repository/org/skyscreamer/jsonassert/1.5.0/jsonassert-1.5.0.jar:/home/jtamland/.m2/repository/com/vaadin/external/google/android-json/0.0.20131108.vaadin1/android-json-0.0.20131108.vaadin1.jar:/home/jtamland/.m2/repository/org/springframework/spring-core/5.0.0.RELEASE/spring-core-5.0.0.RELEASE.jar:/home/jtamland/.m2/repository/org/springframework/spring-jcl/5.0.0.RELEASE/spring-jcl-5.0.0.RELEASE.jar:/home/jtamland/.m2/repository/org/springframework/spring-test/5.0.0.RELEASE/spring-test-5.0.0.RELEASE.jar:/home/jtamland/.m2/repository/org/xmlunit/xmlunit-core/2.5.0/xmlunit-core-2.5.0.jar:/home/jtamland/.m2/repository/com/h2database/h2/1.4.196/h2-1.4.196.jar:/home/jtamland/.m2/repository/org/postgresql/postgresql/42.1.4/postgresql-42.1.4.jar:/home/jtamland/.m2/repository/org/projectlombok/lombok/1.16.18/lombok-1.16.18.jar:/home/jtamland/.m2/repository/org/jacoco/jacoco-maven-plugin/0.7.5.201505241946/jacoco-maven-plugin-0.7.5.201505241946.jar:/home/jtamland/.m2/repository/org/apache/maven/maven-plugin-api/2.2.1/maven-plugin-api-2.2.1.jar:/home/jtamland/.m2/repository/org/apache/maven/maven-project/2.2.1/maven-project-2.2.1.jar:/home/jtamland/.m2/repository/org/apache/maven/maven-settings/2.2.1/maven-settings-2.2.1.jar:/home/jtamland/.m2/repository/org/apache/maven/maven-profile/2.2.1/maven-profile-2.2.1.jar:/home/jtamland/.m2/repository/org/apache/maven/maven-model/2.2.1/maven-model-2.2.1.jar:/home/jtamland/.m2/repository/org/apache/maven/maven-artifact-manager/2.2.1/maven-artifact-manager-2.2.1.jar:/home/jtamland/.m2/repository/org/apache/maven/maven-repository-metadata/2.2.1/maven-repository-metadata-2.2.1.jar:/home/jtamland/.m2/repository/org/apache/maven/wagon/wagon-provider-api/1.0-beta-6/wagon-provider-api-1.0-beta-6.jar:/home/jtamland/.m2/repository/backport-util-concurrent/backport-util-concurrent/3.1/backport-util-concurrent-3.1.jar:/home/jtamland/.m2/repository/org/apache/maven/maven-plugin-registry/2.2.1/maven-plugin-registry-2.2.1.jar:/home/jtamland/.m2/repository/org/codehaus/plexus/plexus-interpolation/1.11/plexus-interpolation-1.11.jar:/home/jtamland/.m2/repository/org/apache/maven/maven-artifact/2.2.1/maven-artifact-2.2.1.jar:/home/jtamland/.m2/repository/org/codehaus/plexus/plexus-container-default/1.0-alpha-9-stable-1/plexus-container-default-1.0-alpha-9-stable-1.jar:/home/jtamland/.m2/repository/classworlds/classworlds/1.1-alpha-2/classworlds-1.1-alpha-2.jar:/home/jtamland/.m2/repository/org/codehaus/plexus/plexus-utils/1.5.6/plexus-utils-1.5.6.jar:/home/jtamland/.m2/repository/org/apache/maven/shared/file-management/1.2.1/file-management-1.2.1.jar:/home/jtamland/.m2/repository/org/apache/maven/shared/maven-shared-io/1.1/maven-shared-io-1.1.jar:/home/jtamland/.m2/repository/org/apache/maven/reporting/maven-reporting-api/2.2.1/maven-reporting-api-2.2.1.jar:/home/jtamland/.m2/repository/org/apache/maven/doxia/doxia-sink-api/1.1/doxia-sink-api-1.1.jar:/home/jtamland/.m2/repository/org/apache/maven/doxia/doxia-logging-api/1.1/doxia-logging-api-1.1.jar:/home/jtamland/.m2/repository/org/apache/maven/reporting/maven-reporting-impl/2.1/maven-reporting-impl-2.1.jar:/home/jtamland/.m2/repository/org/apache/maven/doxia/doxia-core/1.1.2/doxia-core-1.1.2.jar:/home/jtamland/.m2/repository/xerces/xercesImpl/2.8.1/xercesImpl-2.8.1.jar:/home/jtamland/.m2/repository/commons-lang/commons-lang/2.4/commons-lang-2.4.jar:/home/jtamland/.m2/repository/commons-httpclient/commons-httpclient/3.1/commons-httpclient-3.1.jar:/home/jtamland/.m2/repository/commons-codec/commons-codec/1.10/commons-codec-1.10.jar:/home/jtamland/.m2/repository/org/apache/maven/doxia/doxia-site-renderer/1.1.2/doxia-site-renderer-1.1.2.jar:/home/jtamland/.m2/repository/org/apache/maven/doxia/doxia-decoration-model/1.1.2/doxia-decoration-model-1.1.2.jar:/home/jtamland/.m2/repository/org/apache/maven/doxia/doxia-module-xhtml/1.1.2/doxia-module-xhtml-1.1.2.jar:/home/jtamland/.m2/repository/org/apache/maven/doxia/doxia-module-fml/1.1.2/doxia-module-fml-1.1.2.jar:/home/jtamland/.m2/repository/org/codehaus/plexus/plexus-i18n/1.0-beta-7/plexus-i18n-1.0-beta-7.jar:/home/jtamland/.m2/repository/org/codehaus/plexus/plexus-velocity/1.1.7/plexus-velocity-1.1.7.jar:/home/jtamland/.m2/repository/org/apache/velocity/velocity/1.5/velocity-1.5.jar:/home/jtamland/.m2/repository/commons-collections/commons-collections/3.2.2/commons-collections-3.2.2.jar:/home/jtamland/.m2/repository/commons-validator/commons-validator/1.2.0/commons-validator-1.2.0.jar:/home/jtamland/.m2/repository/commons-beanutils/commons-beanutils/1.9.3/commons-beanutils-1.9.3.jar:/home/jtamland/.m2/repository/commons-digester/commons-digester/2.1/commons-digester-2.1.jar:/home/jtamland/.m2/repository/commons-logging/commons-logging/1.0.4/commons-logging-1.0.4.jar:/home/jtamland/.m2/repository/oro/oro/2.0.8/oro-2.0.8.jar:/home/jtamland/.m2/repository/xml-apis/xml-apis/1.4.01/xml-apis-1.4.01.jar:/home/jtamland/.m2/repository/org/jacoco/org.jacoco.agent/0.7.5.201505241946/org.jacoco.agent-0.7.5.201505241946-runtime.jar:/home/jtamland/.m2/repository/org/jacoco/org.jacoco.core/0.7.5.201505241946/org.jacoco.core-0.7.5.201505241946.jar:/home/jtamland/.m2/repository/org/ow2/asm/asm-debug-all/5.0.1/asm-debug-all-5.0.1.jar:/home/jtamland/.m2/repository/org/jacoco/org.jacoco.report/0.7.5.201505241946/org.jacoco.report-0.7.5.201505241946.jar:, user.name=jtamland, java.vm.specification.version=1.8, sun.java.command=/home/jtamland/Documents/springNews/target/surefire/surefirebooter7536458021231294939.jar /home/jtamland/Documents/springNews/target/surefire 2017-12-08T23-49-29_895-jvmRun1 surefire4998954573574801414tmp surefire_07349333865016700256tmp, java.home=/usr/lib/jvm/java-8-oracle/jre, sun.arch.data.model=64, user.language=en, java.specification.vendor=Oracle Corporation, user.language.format=fi, awt.toolkit=sun.awt.X11.XToolkit, java.vm.info=mixed mode, java.version=1.8.0_151, java.ext.dirs=/usr/lib/jvm/java-8-oracle/jre/lib/ext:/usr/java/packages/lib/ext, sun.boot.class.path=/usr/lib/jvm/java-8-oracle/jre/lib/resources.jar:/usr/lib/jvm/java-8-oracle/jre/lib/rt.jar:/usr/lib/jvm/java-8-oracle/jre/lib/sunrsasign.jar:/usr/lib/jvm/java-8-oracle/jre/lib/jsse.jar:/usr/lib/jvm/java-8-oracle/jre/lib/jce.jar:/usr/lib/jvm/java-8-oracle/jre/lib/charsets.jar:/usr/lib/jvm/java-8-oracle/jre/lib/jfr.jar:/usr/lib/jvm/java-8-oracle/jre/classes, java.vendor=Oracle Corporation, localRepository=/home/jtamland/.m2/repository, file.separator=/, java.vendor.url.bug=http://bugreport.sun.com/bugreport/, sun.io.unicode.encoding=UnicodeLittle, sun.cpu.endian=little, sun.desktop=gnome, sun.cpu.isalist=}}, SystemEnvironmentPropertySource@503353142 {name='systemEnvironment', properties={PATH=/home/jtamland/.rvm/gems/ruby-2.3.3/bin:/home/jtamland/.rvm/gems/ruby-2.3.3@global/bin:/home/jtamland/.rvm/rubies/ruby-2.3.3/bin:/home/jtamland/bin:/home/jtamland/.local/bin:/home/jtamland/.nvm/versions/node/v8.8.0/bin:/home/jtamland/bin:/home/jtamland/.local/bin:/usr/local/bin:/usr/bin:/bin:/snap/bin:/usr/lib/jvm/java-8-oracle/bin:/usr/lib/jvm/java-8-oracle/db/bin:/usr/lib/jvm/java-8-oracle/jre/bin:/home/jtamland/.rvm/bin:/snap/bin:/usr/lib/jvm/java-8-oracle/bin:/usr/lib/jvm/java-8-oracle/db/bin:/usr/lib/jvm/java-8-oracle/jre/bin:/home/jtamland/.rvm/bin:/opt/gradle/gradle-4.3/bin:/home/jtamland/.rvm/bin, IRBRC=/home/jtamland/.rvm/rubies/ruby-2.3.3/.irbrc, XAUTHORITY=/home/jtamland/.Xauthority, XDG_DATA_DIRS=/usr/share/cinnamon:/usr/share/gnome:/usr/local/share/:/usr/share/:/var/lib/snapd/desktop, GDMSESSION=cinnamon, MANDATORY_PATH=/usr/share/gconf/cinnamon.mandatory.path, DBUS_SESSION_BUS_ADDRESS=unix:abstract=/tmp/dbus-MDEv7FKCNx,guid=7ac4b05ed9571f0f015258355a290199, DEFAULTS_PATH=/usr/share/gconf/cinnamon.default.path, XDG_CURRENT_DESKTOP=X-Cinnamon, SSH_AGENT_PID=2149, SESSION_MANAGER=local/fuxi16:@/tmp/.ICE-unix/2086,unix/fuxi16:/tmp/.ICE-unix/2086, QT_LINUX_ACCESSIBILITY_ALWAYS_ON=1, LOGNAME=jtamland, rvm_version=1.29.1 (latest), PWD=/home/jtamland/Documents/springNews, DERBY_HOME=/usr/lib/jvm/java-8-oracle/db, LANGUAGE=en_GB.UTF-8, WINDOWID=67108870, GJS_DEBUG_TOPICS=JS ERROR;JS LOG, NVM_CD_FLAGS=, SHELL=/bin/bash, LESSOPEN=| /usr/bin/lesspipe %s, MY_RUBY_HOME=/home/jtamland/.rvm/rubies/ruby-2.3.3, GTK2_MODULES=overlay-scrollbar, J2SDKDIR=/usr/lib/jvm/java-8-oracle, OLDPWD=/home/jtamland/Documents/springNews, GEM_HOME=/home/jtamland/.rvm/gems/ruby-2.3.3, rvm_path=/home/jtamland/.rvm, GNOME_DESKTOP_SESSION_ID=this-is-deprecated, GTK_MODULES=gail:atk-bridge, J2REDIR=/usr/lib/jvm/java-8-oracle/jre, RUBY_VERSION=ruby-2.3.3, _system_name=Ubuntu, XDG_SESSION_PATH=/org/freedesktop/DisplayManager/Session0, LC_CTYPE=fi_FI.UTF-8, LS_COLORS=rs=0:di=01;34:ln=01;36:mh=00:pi=40;33:so=01;35:do=01;35:bd=40;33;01:cd=40;33;01:or=40;31;01:mi=00:su=37;41:sg=30;43:ca=30;41:tw=30;42:ow=34;42:st=37;44:ex=01;32:*.tar=01;31:*.tgz=01;31:*.arc=01;31:*.arj=01;31:*.taz=01;31:*.lha=01;31:*.lz4=01;31:*.lzh=01;31:*.lzma=01;31:*.tlz=01;31:*.txz=01;31:*.tzo=01;31:*.t7z=01;31:*.zip=01;31:*.z=01;31:*.Z=01;31:*.dz=01;31:*.gz=01;31:*.lrz=01;31:*.lz=01;31:*.lzo=01;31:*.xz=01;31:*.bz2=01;31:*.bz=01;31:*.tbz=01;31:*.tbz2=01;31:*.tz=01;31:*.deb=01;31:*.rpm=01;31:*.jar=01;31:*.war=01;31:*.ear=01;31:*.sar=01;31:*.rar=01;31:*.alz=01;31:*.ace=01;31:*.zoo=01;31:*.cpio=01;31:*.7z=01;31:*.rz=01;31:*.cab=01;31:*.jpg=01;35:*.jpeg=01;35:*.gif=01;35:*.bmp=01;35:*.pbm=01;35:*.pgm=01;35:*.ppm=01;35:*.tga=01;35:*.xbm=01;35:*.xpm=01;35:*.tif=01;35:*.tiff=01;35:*.png=01;35:*.svg=01;35:*.svgz=01;35:*.mng=01;35:*.pcx=01;35:*.mov=01;35:*.mpg=01;35:*.mpeg=01;35:*.m2v=01;35:*.mkv=01;35:*.webm=01;35:*.ogm=01;35:*.mp4=01;35:*.m4v=01;35:*.mp4v=01;35:*.vob=01;35:*.qt=01;35:*.nuv=01;35:*.wmv=01;35:*.asf=01;35:*.rm=01;35:*.rmvb=01;35:*.flc=01;35:*.avi=01;35:*.fli=01;35:*.flv=01;35:*.gl=01;35:*.dl=01;35:*.xcf=01;35:*.xwd=01;35:*.yuv=01;35:*.cgm=01;35:*.emf=01;35:*.ogv=01;35:*.ogx=01;35:*.aac=00;36:*.au=00;36:*.flac=00;36:*.m4a=00;36:*.mid=00;36:*.midi=00;36:*.mka=00;36:*.mp3=00;36:*.mpc=00;36:*.ogg=00;36:*.ra=00;36:*.wav=00;36:*.oga=00;36:*.opus=00;36:*.spx=00;36:*.xspf=00;36:, XDG_SESSION_DESKTOP=cinnamon, SHLVL=1, LESSCLOSE=/usr/bin/lesspipe %s %s, LC_MONETARY=fi_FI.UTF-8, _system_arch=x86_64, rvm_bin_path=/home/jtamland/.rvm/bin, JAVA_HOME=/usr/lib/jvm/java-8-oracle, TERM=xterm-256color, XDG_CONFIG_DIRS=/etc/xdg/xdg-cinnamon:/etc/xdg, rvm_prefix=/home/jtamland, XFILESEARCHPATH=/usr/dt/app-defaults/%L/Dt, LANG=en_GB.UTF-8, XDG_SEAT_PATH=/org/freedesktop/DisplayManager/Seat0, XDG_SESSION_ID=c2, XDG_SESSION_TYPE=x11, DISPLAY=:0, QT_STYLE_OVERRIDE=gtk, CINNAMON_VERSION=3.0.7, MAVEN_CMD_LINE_ARGS= clean test, _=/usr/bin/mvn, GDM_LANG=en_GB, NVM_DIR=/home/jtamland/.nvm, _system_type=Linux, XDG_GREETER_DATA_DIR=/var/lib/lightdm-data/jtamland, MAVEN_PROJECTBASEDIR=/home/jtamland/Documents/springNews, DESKTOP_SESSION=cinnamon, _system_version=16.04, USER=jtamland, VTE_VERSION=4205, QT_ACCESSIBILITY=1, GJS_DEBUG_OUTPUT=stderr, SSH_AUTH_SOCK=/run/user/1249367/keyring/ssh, XDG_SEAT=seat0, GEM_PATH=/home/jtamland/.rvm/gems/ruby-2.3.3:/home/jtamland/.rvm/gems/ruby-2.3.3@global, GTK_OVERLAY_SCROLLING=1, NLSPATH=/usr/dt/lib/nls/msg/%L/%N.cat, QT_QPA_PLATFORMTHEME=appmenu-qt5, XDG_VTNR=7, XDG_RUNTIME_DIR=/run/user/1249367, NVM_BIN=/home/jtamland/.nvm/versions/node/v8.8.0/bin, HOME=/home/jtamland}}]
23:49:31.660 [main] DEBUG org.springframework.core.io.support.PathMatchingResourcePatternResolver - Resolved classpath location [wad/serviceTests/] to resources [URL [file:/home/jtamland/Documents/springNews/target/test-classes/wad/serviceTests/]]
23:49:31.661 [main] DEBUG org.springframework.core.io.support.PathMatchingResourcePatternResolver - Looking for matching resources in directory tree [/home/jtamland/Documents/springNews/target/test-classes/wad/serviceTests]
23:49:31.662 [main] DEBUG org.springframework.core.io.support.PathMatchingResourcePatternResolver - Searching directory [/home/jtamland/Documents/springNews/target/test-classes/wad/serviceTests] for files matching pattern [/home/jtamland/Documents/springNews/target/test-classes/wad/serviceTests/*.class]
23:49:31.668 [main] DEBUG org.springframework.core.io.support.PathMatchingResourcePatternResolver - Resolved location pattern [classpath*:wad/serviceTests/*.class] to resources [file [/home/jtamland/Documents/springNews/target/test-classes/wad/serviceTests/NewServiceTest.class]]
23:49:31.739 [main] DEBUG org.springframework.core.io.support.PathMatchingResourcePatternResolver - Resolved classpath location [wad/] to resources [URL [file:/home/jtamland/Documents/springNews/target/test-classes/wad/], URL [file:/home/jtamland/Documents/springNews/target/classes/wad/]]
23:49:31.740 [main] DEBUG org.springframework.core.io.support.PathMatchingResourcePatternResolver - Looking for matching resources in directory tree [/home/jtamland/Documents/springNews/target/test-classes/wad]
23:49:31.740 [main] DEBUG org.springframework.core.io.support.PathMatchingResourcePatternResolver - Searching directory [/home/jtamland/Documents/springNews/target/test-classes/wad] for files matching pattern [/home/jtamland/Documents/springNews/target/test-classes/wad/*.class]
23:49:31.740 [main] DEBUG org.springframework.core.io.support.PathMatchingResourcePatternResolver - Looking for matching resources in directory tree [/home/jtamland/Documents/springNews/target/classes/wad]
23:49:31.740 [main] DEBUG org.springframework.core.io.support.PathMatchingResourcePatternResolver - Searching directory [/home/jtamland/Documents/springNews/target/classes/wad] for files matching pattern [/home/jtamland/Documents/springNews/target/classes/wad/*.class]
23:49:31.742 [main] DEBUG org.springframework.core.io.support.PathMatchingResourcePatternResolver - Resolved location pattern [classpath*:wad/*.class] to resources [file [/home/jtamland/Documents/springNews/target/classes/wad/SpringNewsApplication.class]]
23:49:31.807 [main] DEBUG org.springframework.context.annotation.ClassPathScanningCandidateComponentProvider - Identified candidate component class: file [/home/jtamland/Documents/springNews/target/classes/wad/SpringNewsApplication.class]
23:49:31.809 [main] INFO org.springframework.boot.test.context.SpringBootTestContextBootstrapper - Found @SpringBootConfiguration wad.SpringNewsApplication for test class wad.serviceTests.NewServiceTest
23:49:32.077 [main] DEBUG org.springframework.boot.test.context.SpringBootTestContextBootstrapper - @TestExecutionListeners is not present for class [wad.serviceTests.NewServiceTest]: using defaults.
23:49:32.079 [main] INFO org.springframework.boot.test.context.SpringBootTestContextBootstrapper - Loaded default TestExecutionListener class names from location [META-INF/spring.factories]: [org.springframework.boot.test.mock.mockito.MockitoTestExecutionListener, org.springframework.boot.test.mock.mockito.ResetMocksTestExecutionListener, org.springframework.boot.test.autoconfigure.restdocs.RestDocsTestExecutionListener, org.springframework.boot.test.autoconfigure.web.client.MockRestServiceServerResetTestExecutionListener, org.springframework.boot.test.autoconfigure.web.servlet.MockMvcPrintOnlyOnFailureTestExecutionListener, org.springframework.boot.test.autoconfigure.web.servlet.WebDriverTestExecutionListener, org.springframework.test.context.web.ServletTestExecutionListener, org.springframework.test.context.support.DirtiesContextBeforeModesTestExecutionListener, org.springframework.test.context.support.DependencyInjectionTestExecutionListener, org.springframework.test.context.support.DirtiesContextTestExecutionListener, org.springframework.test.context.transaction.TransactionalTestExecutionListener, org.springframework.test.context.jdbc.SqlScriptsTestExecutionListener]
23:49:32.120 [main] INFO org.springframework.boot.test.context.SpringBootTestContextBootstrapper - Using TestExecutionListeners: [org.springframework.test.context.web.ServletTestExecutionListener@5cfed0ba, org.springframework.test.context.support.DirtiesContextBeforeModesTestExecutionListener@5c8d58ed, org.springframework.boot.test.autoconfigure.SpringBootDependencyInjectionTestExecutionListener@6a567f7b, org.springframework.test.context.support.DirtiesContextTestExecutionListener@28be7fec, org.springframework.test.context.transaction.TransactionalTestExecutionListener@26f0141, org.springframework.test.context.jdbc.SqlScriptsTestExecutionListener@34136bd1, org.springframework.boot.test.mock.mockito.ResetMocksTestExecutionListener@6de7778f, org.springframework.boot.test.autoconfigure.web.client.MockRestServiceServerResetTestExecutionListener@367d34c0, org.springframework.boot.test.mock.mockito.MockitoTestExecutionListener@4ce25e47, org.springframework.boot.test.autoconfigure.web.servlet.MockMvcPrintOnlyOnFailureTestExecutionListener@6380e9e9, org.springframework.boot.test.autoconfigure.web.servlet.WebDriverTestExecutionListener@350da119, org.springframework.boot.test.autoconfigure.restdocs.RestDocsTestExecutionListener@6a09484c]
23:49:32.127 [main] DEBUG org.springframework.test.annotation.ProfileValueUtils - Retrieved @ProfileValueSourceConfiguration [null] for test class [wad.serviceTests.NewServiceTest]
23:49:32.129 [main] DEBUG org.springframework.test.annotation.ProfileValueUtils - Retrieved ProfileValueSource type [class org.springframework.test.annotation.SystemProfileValueSource] for class [wad.serviceTests.NewServiceTest]
23:49:32.131 [main] DEBUG org.springframework.test.annotation.ProfileValueUtils - Retrieved @ProfileValueSourceConfiguration [null] for test class [wad.serviceTests.NewServiceTest]
23:49:32.132 [main] DEBUG org.springframework.test.annotation.ProfileValueUtils - Retrieved ProfileValueSource type [class org.springframework.test.annotation.SystemProfileValueSource] for class [wad.serviceTests.NewServiceTest]
23:49:32.133 [main] DEBUG org.springframework.test.annotation.ProfileValueUtils - Retrieved @ProfileValueSourceConfiguration [null] for test class [wad.serviceTests.NewServiceTest]
23:49:32.134 [main] DEBUG org.springframework.test.annotation.ProfileValueUtils - Retrieved ProfileValueSource type [class org.springframework.test.annotation.SystemProfileValueSource] for class [wad.serviceTests.NewServiceTest]
23:49:32.142 [main] DEBUG org.springframework.test.context.support.AbstractDirtiesContextTestExecutionListener - Before test class: context [DefaultTestContext@55361f03 testClass = NewServiceTest, testInstance = [null], testMethod = [null], testException = [null], mergedContextConfiguration = [WebMergedContextConfiguration@581c9bb7 testClass = NewServiceTest, locations = '{}', classes = '{class wad.SpringNewsApplication}', contextInitializerClasses = '[]', activeProfiles = '{production}', propertySourceLocations = '{}', propertySourceProperties = '{org.springframework.boot.test.context.SpringBootTestContextBootstrapper=true}', contextCustomizers = set[org.springframework.boot.test.context.SpringBootTestContextCustomizer@27b71f50, org.springframework.boot.test.context.filter.ExcludeFilterContextCustomizer@878537d, org.springframework.boot.test.json.DuplicateJsonObjectContextCustomizerFactory$DuplicateJsonObjectContextCustomizer@58cec85b, org.springframework.boot.test.mock.mockito.MockitoContextCustomizer@0, org.springframework.boot.test.autoconfigure.properties.PropertyMappingContextCustomizer@0, org.springframework.boot.test.autoconfigure.web.servlet.WebDriverContextCustomizerFactory$Customizer@3015db78], resourceBasePath = 'src/main/webapp', contextLoader = 'org.springframework.boot.test.context.SpringBootContextLoader', parent = [null]], attributes = map['org.springframework.test.context.web.ServletTestExecutionListener.activateListener' -> true]], class annotated with @DirtiesContext [false] with mode [null].
23:49:32.143 [main] DEBUG org.springframework.test.annotation.ProfileValueUtils - Retrieved @ProfileValueSourceConfiguration [null] for test class [wad.serviceTests.NewServiceTest]
23:49:32.143 [main] DEBUG org.springframework.test.annotation.ProfileValueUtils - Retrieved ProfileValueSource type [class org.springframework.test.annotation.SystemProfileValueSource] for class [wad.serviceTests.NewServiceTest]
23:49:32.185 [main] DEBUG org.springframework.core.env.StandardEnvironment - Adding PropertySource 'systemProperties' with lowest search precedence
23:49:32.185 [main] DEBUG org.springframework.core.env.StandardEnvironment - Adding PropertySource 'systemEnvironment' with lowest search precedence
23:49:32.186 [main] DEBUG org.springframework.core.env.StandardEnvironment - Initialized StandardEnvironment with PropertySources [MapPropertySource@905594127 {name='systemProperties', properties={java.runtime.name=Java(TM) SE Runtime Environment, sun.boot.library.path=/usr/lib/jvm/java-8-oracle/jre/lib/amd64, java.vm.version=25.151-b12, user.country.format=FI, java.vm.vendor=Oracle Corporation, java.vendor.url=http://java.oracle.com/, path.separator=:, java.vm.name=Java HotSpot(TM) 64-Bit Server VM, file.encoding.pkg=sun.io, user.country=GB, sun.java.launcher=SUN_STANDARD, sun.os.patch.level=unknown, java.vm.specification.name=Java Virtual Machine Specification, user.dir=/home/jtamland/Documents/springNews, java.runtime.version=1.8.0_151-b12, basedir=/home/jtamland/Documents/springNews, java.awt.graphicsenv=sun.awt.X11GraphicsEnvironment, java.endorsed.dirs=/usr/lib/jvm/java-8-oracle/jre/lib/endorsed, os.arch=amd64, surefire.real.class.path=/home/jtamland/Documents/springNews/target/surefire/surefirebooter7536458021231294939.jar:/home/jtamland/.m2/repository/org/jacoco/org.jacoco.agent/0.7.5.201505241946/org.jacoco.agent-0.7.5.201505241946-runtime.jar, java.io.tmpdir=/tmp, line.separator=
, java.vm.specification.vendor=Oracle Corporation, os.name=Linux, sun.jnu.encoding=UTF-8, java.library.path=/usr/java/packages/lib/amd64:/usr/lib64:/lib64:/lib:/usr/lib, surefire.test.class.path=/home/jtamland/Documents/springNews/target/test-classes:/home/jtamland/Documents/springNews/target/classes:/home/jtamland/.m2/repository/org/springframework/boot/spring-boot-starter-data-jpa/2.0.0.M5/spring-boot-starter-data-jpa-2.0.0.M5.jar:/home/jtamland/.m2/repository/org/springframework/boot/spring-boot-starter/2.0.0.M5/spring-boot-starter-2.0.0.M5.jar:/home/jtamland/.m2/repository/org/springframework/boot/spring-boot-starter-logging/2.0.0.M5/spring-boot-starter-logging-2.0.0.M5.jar:/home/jtamland/.m2/repository/ch/qos/logback/logback-classic/1.2.3/logback-classic-1.2.3.jar:/home/jtamland/.m2/repository/ch/qos/logback/logback-core/1.2.3/logback-core-1.2.3.jar:/home/jtamland/.m2/repository/org/slf4j/jul-to-slf4j/1.7.25/jul-to-slf4j-1.7.25.jar:/home/jtamland/.m2/repository/org/slf4j/log4j-over-slf4j/1.7.25/log4j-over-slf4j-1.7.25.jar:/home/jtamland/.m2/repository/javax/annotation/javax.annotation-api/1.3.1/javax.annotation-api-1.3.1.jar:/home/jtamland/.m2/repository/org/yaml/snakeyaml/1.18/snakeyaml-1.18.jar:/home/jtamland/.m2/repository/org/springframework/boot/spring-boot-starter-aop/2.0.0.M5/spring-boot-starter-aop-2.0.0.M5.jar:/home/jtamland/.m2/repository/org/springframework/spring-aop/5.0.0.RELEASE/spring-aop-5.0.0.RELEASE.jar:/home/jtamland/.m2/repository/org/aspectj/aspectjweaver/1.8.11/aspectjweaver-1.8.11.jar:/home/jtamland/.m2/repository/org/springframework/boot/spring-boot-starter-jdbc/2.0.0.M5/spring-boot-starter-jdbc-2.0.0.M5.jar:/home/jtamland/.m2/repository/com/zaxxer/HikariCP/2.7.2/HikariCP-2.7.2.jar:/home/jtamland/.m2/repository/org/springframework/spring-jdbc/5.0.0.RELEASE/spring-jdbc-5.0.0.RELEASE.jar:/home/jtamland/.m2/repository/org/hibernate/hibernate-core/5.2.11.Final/hibernate-core-5.2.11.Final.jar:/home/jtamland/.m2/repository/org/jboss/logging/jboss-logging/3.3.1.Final/jboss-logging-3.3.1.Final.jar:/home/jtamland/.m2/repository/org/hibernate/javax/persistence/hibernate-jpa-2.1-api/1.0.0.Final/hibernate-jpa-2.1-api-1.0.0.Final.jar:/home/jtamland/.m2/repository/org/javassist/javassist/3.22.0-CR2/javassist-3.22.0-CR2.jar:/home/jtamland/.m2/repository/antlr/antlr/2.7.7/antlr-2.7.7.jar:/home/jtamland/.m2/repository/org/jboss/jandex/2.0.3.Final/jandex-2.0.3.Final.jar:/home/jtamland/.m2/repository/com/fasterxml/classmate/1.3.4/classmate-1.3.4.jar:/home/jtamland/.m2/repository/dom4j/dom4j/1.6.1/dom4j-1.6.1.jar:/home/jtamland/.m2/repository/org/hibernate/common/hibernate-commons-annotations/5.0.1.Final/hibernate-commons-annotations-5.0.1.Final.jar:/home/jtamland/.m2/repository/javax/transaction/javax.transaction-api/1.2/javax.transaction-api-1.2.jar:/home/jtamland/.m2/repository/org/springframework/data/spring-data-jpa/2.0.0.RELEASE/spring-data-jpa-2.0.0.RELEASE.jar:/home/jtamland/.m2/repository/org/springframework/data/spring-data-commons/2.0.0.RELEASE/spring-data-commons-2.0.0.RELEASE.jar:/home/jtamland/.m2/repository/org/springframework/spring-orm/5.0.0.RELEASE/spring-orm-5.0.0.RELEASE.jar:/home/jtamland/.m2/repository/org/springframework/spring-context/5.0.0.RELEASE/spring-context-5.0.0.RELEASE.jar:/home/jtamland/.m2/repository/org/springframework/spring-tx/5.0.0.RELEASE/spring-tx-5.0.0.RELEASE.jar:/home/jtamland/.m2/repository/org/springframework/spring-beans/5.0.0.RELEASE/spring-beans-5.0.0.RELEASE.jar:/home/jtamland/.m2/repository/org/slf4j/slf4j-api/1.7.25/slf4j-api-1.7.25.jar:/home/jtamland/.m2/repository/org/springframework/spring-aspects/5.0.0.RELEASE/spring-aspects-5.0.0.RELEASE.jar:/home/jtamland/.m2/repository/org/springframework/boot/spring-boot-starter-thymeleaf/2.0.0.M5/spring-boot-starter-thymeleaf-2.0.0.M5.jar:/home/jtamland/.m2/repository/org/thymeleaf/thymeleaf-spring5/3.0.8.RELEASE/thymeleaf-spring5-3.0.8.RELEASE.jar:/home/jtamland/.m2/repository/org/thymeleaf/thymeleaf/3.0.8.RELEASE/thymeleaf-3.0.8.RELEASE.jar:/home/jtamland/.m2/repository/org/attoparser/attoparser/2.0.4.RELEASE/attoparser-2.0.4.RELEASE.jar:/home/jtamland/.m2/repository/org/unbescape/unbescape/1.1.5.RELEASE/unbescape-1.1.5.RELEASE.jar:/home/jtamland/.m2/repository/org/thymeleaf/extras/thymeleaf-extras-java8time/3.0.1.RELEASE/thymeleaf-extras-java8time-3.0.1.RELEASE.jar:/home/jtamland/.m2/repository/org/springframework/boot/spring-boot-starter-web/2.0.0.M5/spring-boot-starter-web-2.0.0.M5.jar:/home/jtamland/.m2/repository/org/springframework/boot/spring-boot-starter-json/2.0.0.M5/spring-boot-starter-json-2.0.0.M5.jar:/home/jtamland/.m2/repository/com/fasterxml/jackson/core/jackson-databind/2.9.1/jackson-databind-2.9.1.jar:/home/jtamland/.m2/repository/com/fasterxml/jackson/core/jackson-annotations/2.9.0/jackson-annotations-2.9.0.jar:/home/jtamland/.m2/repository/com/fasterxml/jackson/core/jackson-core/2.9.1/jackson-core-2.9.1.jar:/home/jtamland/.m2/repository/com/fasterxml/jackson/datatype/jackson-datatype-jdk8/2.9.1/jackson-datatype-jdk8-2.9.1.jar:/home/jtamland/.m2/repository/com/fasterxml/jackson/datatype/jackson-datatype-jsr310/2.9.1/jackson-datatype-jsr310-2.9.1.jar:/home/jtamland/.m2/repository/com/fasterxml/jackson/module/jackson-module-parameter-names/2.9.1/jackson-module-parameter-names-2.9.1.jar:/home/jtamland/.m2/repository/com/fasterxml/jackson/module/jackson-module-kotlin/2.9.1/jackson-module-kotlin-2.9.1.jar:/home/jtamland/.m2/repository/org/springframework/boot/spring-boot-starter-tomcat/2.0.0.M5/spring-boot-starter-tomcat-2.0.0.M5.jar:/home/jtamland/.m2/repository/org/apache/tomcat/embed/tomcat-embed-core/8.5.23/tomcat-embed-core-8.5.23.jar:/home/jtamland/.m2/repository/org/apache/tomcat/tomcat-annotations-api/8.5.23/tomcat-annotations-api-8.5.23.jar:/home/jtamland/.m2/repository/org/apache/tomcat/embed/tomcat-embed-el/8.5.23/tomcat-embed-el-8.5.23.jar:/home/jtamland/.m2/repository/org/apache/tomcat/embed/tomcat-embed-websocket/8.5.23/tomcat-embed-websocket-8.5.23.jar:/home/jtamland/.m2/repository/org/hibernate/validator/hibernate-validator/6.0.2.Final/hibernate-validator-6.0.2.Final.jar:/home/jtamland/.m2/repository/javax/validation/validation-api/2.0.0.Final/validation-api-2.0.0.Final.jar:/home/jtamland/.m2/repository/org/springframework/spring-web/5.0.0.RELEASE/spring-web-5.0.0.RELEASE.jar:/home/jtamland/.m2/repository/org/springframework/spring-webmvc/5.0.0.RELEASE/spring-webmvc-5.0.0.RELEASE.jar:/home/jtamland/.m2/repository/org/springframework/spring-expression/5.0.0.RELEASE/spring-expression-5.0.0.RELEASE.jar:/home/jtamland/.m2/repository/org/springframework/boot/spring-boot-devtools/2.0.0.M5/spring-boot-devtools-2.0.0.M5.jar:/home/jtamland/.m2/repository/org/springframework/boot/spring-boot/2.0.0.M5/spring-boot-2.0.0.M5.jar:/home/jtamland/.m2/repository/org/springframework/boot/spring-boot-autoconfigure/2.0.0.M5/spring-boot-autoconfigure-2.0.0.M5.jar:/home/jtamland/.m2/repository/org/springframework/boot/spring-boot-starter-test/2.0.0.M5/spring-boot-starter-test-2.0.0.M5.jar:/home/jtamland/.m2/repository/org/springframework/boot/spring-boot-test/2.0.0.M5/spring-boot-test-2.0.0.M5.jar:/home/jtamland/.m2/repository/org/springframework/boot/spring-boot-test-autoconfigure/2.0.0.M5/spring-boot-test-autoconfigure-2.0.0.M5.jar:/home/jtamland/.m2/repository/com/jayway/jsonpath/json-path/2.4.0/json-path-2.4.0.jar:/home/jtamland/.m2/repository/net/minidev/json-smart/2.3/json-smart-2.3.jar:/home/jtamland/.m2/repository/net/minidev/accessors-smart/1.2/accessors-smart-1.2.jar:/home/jtamland/.m2/repository/org/ow2/asm/asm/5.0.4/asm-5.0.4.jar:/home/jtamland/.m2/repository/junit/junit/4.12/junit-4.12.jar:/home/jtamland/.m2/repository/org/assertj/assertj-core/3.8.0/assertj-core-3.8.0.jar:/home/jtamland/.m2/repository/org/mockito/mockito-core/2.10.0/mockito-core-2.10.0.jar:/home/jtamland/.m2/repository/net/bytebuddy/byte-buddy/1.7.6/byte-buddy-1.7.6.jar:/home/jtamland/.m2/repository/net/bytebuddy/byte-buddy-agent/1.7.6/byte-buddy-agent-1.7.6.jar:/home/jtamland/.m2/repository/org/objenesis/objenesis/2.6/objenesis-2.6.jar:/home/jtamland/.m2/repository/org/hamcrest/hamcrest-core/1.3/hamcrest-core-1.3.jar:/home/jtamland/.m2/repository/org/hamcrest/hamcrest-library/1.3/hamcrest-library-1.3.jar:/home/jtamland/.m2/repository/org/skyscreamer/jsonassert/1.5.0/jsonassert-1.5.0.jar:/home/jtamland/.m2/repository/com/vaadin/external/google/android-json/0.0.20131108.vaadin1/android-json-0.0.20131108.vaadin1.jar:/home/jtamland/.m2/repository/org/springframework/spring-core/5.0.0.RELEASE/spring-core-5.0.0.RELEASE.jar:/home/jtamland/.m2/repository/org/springframework/spring-jcl/5.0.0.RELEASE/spring-jcl-5.0.0.RELEASE.jar:/home/jtamland/.m2/repository/org/springframework/spring-test/5.0.0.RELEASE/spring-test-5.0.0.RELEASE.jar:/home/jtamland/.m2/repository/org/xmlunit/xmlunit-core/2.5.0/xmlunit-core-2.5.0.jar:/home/jtamland/.m2/repository/com/h2database/h2/1.4.196/h2-1.4.196.jar:/home/jtamland/.m2/repository/org/postgresql/postgresql/42.1.4/postgresql-42.1.4.jar:/home/jtamland/.m2/repository/org/projectlombok/lombok/1.16.18/lombok-1.16.18.jar:/home/jtamland/.m2/repository/org/jacoco/jacoco-maven-plugin/0.7.5.201505241946/jacoco-maven-plugin-0.7.5.201505241946.jar:/home/jtamland/.m2/repository/org/apache/maven/maven-plugin-api/2.2.1/maven-plugin-api-2.2.1.jar:/home/jtamland/.m2/repository/org/apache/maven/maven-project/2.2.1/maven-project-2.2.1.jar:/home/jtamland/.m2/repository/org/apache/maven/maven-settings/2.2.1/maven-settings-2.2.1.jar:/home/jtamland/.m2/repository/org/apache/maven/maven-profile/2.2.1/maven-profile-2.2.1.jar:/home/jtamland/.m2/repository/org/apache/maven/maven-model/2.2.1/maven-model-2.2.1.jar:/home/jtamland/.m2/repository/org/apache/maven/maven-artifact-manager/2.2.1/maven-artifact-manager-2.2.1.jar:/home/jtamland/.m2/repository/org/apache/maven/maven-repository-metadata/2.2.1/maven-repository-metadata-2.2.1.jar:/home/jtamland/.m2/repository/org/apache/maven/wagon/wagon-provider-api/1.0-beta-6/wagon-provider-api-1.0-beta-6.jar:/home/jtamland/.m2/repository/backport-util-concurrent/backport-util-concurrent/3.1/backport-util-concurrent-3.1.jar:/home/jtamland/.m2/repository/org/apache/maven/maven-plugin-registry/2.2.1/maven-plugin-registry-2.2.1.jar:/home/jtamland/.m2/repository/org/codehaus/plexus/plexus-interpolation/1.11/plexus-interpolation-1.11.jar:/home/jtamland/.m2/repository/org/apache/maven/maven-artifact/2.2.1/maven-artifact-2.2.1.jar:/home/jtamland/.m2/repository/org/codehaus/plexus/plexus-container-default/1.0-alpha-9-stable-1/plexus-container-default-1.0-alpha-9-stable-1.jar:/home/jtamland/.m2/repository/classworlds/classworlds/1.1-alpha-2/classworlds-1.1-alpha-2.jar:/home/jtamland/.m2/repository/org/codehaus/plexus/plexus-utils/1.5.6/plexus-utils-1.5.6.jar:/home/jtamland/.m2/repository/org/apache/maven/shared/file-management/1.2.1/file-management-1.2.1.jar:/home/jtamland/.m2/repository/org/apache/maven/shared/maven-shared-io/1.1/maven-shared-io-1.1.jar:/home/jtamland/.m2/repository/org/apache/maven/reporting/maven-reporting-api/2.2.1/maven-reporting-api-2.2.1.jar:/home/jtamland/.m2/repository/org/apache/maven/doxia/doxia-sink-api/1.1/doxia-sink-api-1.1.jar:/home/jtamland/.m2/repository/org/apache/maven/doxia/doxia-logging-api/1.1/doxia-logging-api-1.1.jar:/home/jtamland/.m2/repository/org/apache/maven/reporting/maven-reporting-impl/2.1/maven-reporting-impl-2.1.jar:/home/jtamland/.m2/repository/org/apache/maven/doxia/doxia-core/1.1.2/doxia-core-1.1.2.jar:/home/jtamland/.m2/repository/xerces/xercesImpl/2.8.1/xercesImpl-2.8.1.jar:/home/jtamland/.m2/repository/commons-lang/commons-lang/2.4/commons-lang-2.4.jar:/home/jtamland/.m2/repository/commons-httpclient/commons-httpclient/3.1/commons-httpclient-3.1.jar:/home/jtamland/.m2/repository/commons-codec/commons-codec/1.10/commons-codec-1.10.jar:/home/jtamland/.m2/repository/org/apache/maven/doxia/doxia-site-renderer/1.1.2/doxia-site-renderer-1.1.2.jar:/home/jtamland/.m2/repository/org/apache/maven/doxia/doxia-decoration-model/1.1.2/doxia-decoration-model-1.1.2.jar:/home/jtamland/.m2/repository/org/apache/maven/doxia/doxia-module-xhtml/1.1.2/doxia-module-xhtml-1.1.2.jar:/home/jtamland/.m2/repository/org/apache/maven/doxia/doxia-module-fml/1.1.2/doxia-module-fml-1.1.2.jar:/home/jtamland/.m2/repository/org/codehaus/plexus/plexus-i18n/1.0-beta-7/plexus-i18n-1.0-beta-7.jar:/home/jtamland/.m2/repository/org/codehaus/plexus/plexus-velocity/1.1.7/plexus-velocity-1.1.7.jar:/home/jtamland/.m2/repository/org/apache/velocity/velocity/1.5/velocity-1.5.jar:/home/jtamland/.m2/repository/commons-collections/commons-collections/3.2.2/commons-collections-3.2.2.jar:/home/jtamland/.m2/repository/commons-validator/commons-validator/1.2.0/commons-validator-1.2.0.jar:/home/jtamland/.m2/repository/commons-beanutils/commons-beanutils/1.9.3/commons-beanutils-1.9.3.jar:/home/jtamland/.m2/repository/commons-digester/commons-digester/2.1/commons-digester-2.1.jar:/home/jtamland/.m2/repository/commons-logging/commons-logging/1.0.4/commons-logging-1.0.4.jar:/home/jtamland/.m2/repository/oro/oro/2.0.8/oro-2.0.8.jar:/home/jtamland/.m2/repository/xml-apis/xml-apis/1.4.01/xml-apis-1.4.01.jar:/home/jtamland/.m2/repository/org/jacoco/org.jacoco.agent/0.7.5.201505241946/org.jacoco.agent-0.7.5.201505241946-runtime.jar:/home/jtamland/.m2/repository/org/jacoco/org.jacoco.core/0.7.5.201505241946/org.jacoco.core-0.7.5.201505241946.jar:/home/jtamland/.m2/repository/org/ow2/asm/asm-debug-all/5.0.1/asm-debug-all-5.0.1.jar:/home/jtamland/.m2/repository/org/jacoco/org.jacoco.report/0.7.5.201505241946/org.jacoco.report-0.7.5.201505241946.jar:, java.specification.name=Java Platform API Specification, java.class.version=52.0, sun.management.compiler=HotSpot 64-Bit Tiered Compilers, os.version=4.4.0-101-generic, user.home=/home/jtamland, user.timezone=Europe/Helsinki, java.awt.printerjob=sun.print.PSPrinterJob, file.encoding=UTF-8, java.specification.version=1.8, java.class.path=/home/jtamland/Documents/springNews/target/test-classes:/home/jtamland/Documents/springNews/target/classes:/home/jtamland/.m2/repository/org/springframework/boot/spring-boot-starter-data-jpa/2.0.0.M5/spring-boot-starter-data-jpa-2.0.0.M5.jar:/home/jtamland/.m2/repository/org/springframework/boot/spring-boot-starter/2.0.0.M5/spring-boot-starter-2.0.0.M5.jar:/home/jtamland/.m2/repository/org/springframework/boot/spring-boot-starter-logging/2.0.0.M5/spring-boot-starter-logging-2.0.0.M5.jar:/home/jtamland/.m2/repository/ch/qos/logback/logback-classic/1.2.3/logback-classic-1.2.3.jar:/home/jtamland/.m2/repository/ch/qos/logback/logback-core/1.2.3/logback-core-1.2.3.jar:/home/jtamland/.m2/repository/org/slf4j/jul-to-slf4j/1.7.25/jul-to-slf4j-1.7.25.jar:/home/jtamland/.m2/repository/org/slf4j/log4j-over-slf4j/1.7.25/log4j-over-slf4j-1.7.25.jar:/home/jtamland/.m2/repository/javax/annotation/javax.annotation-api/1.3.1/javax.annotation-api-1.3.1.jar:/home/jtamland/.m2/repository/org/yaml/snakeyaml/1.18/snakeyaml-1.18.jar:/home/jtamland/.m2/repository/org/springframework/boot/spring-boot-starter-aop/2.0.0.M5/spring-boot-starter-aop-2.0.0.M5.jar:/home/jtamland/.m2/repository/org/springframework/spring-aop/5.0.0.RELEASE/spring-aop-5.0.0.RELEASE.jar:/home/jtamland/.m2/repository/org/aspectj/aspectjweaver/1.8.11/aspectjweaver-1.8.11.jar:/home/jtamland/.m2/repository/org/springframework/boot/spring-boot-starter-jdbc/2.0.0.M5/spring-boot-starter-jdbc-2.0.0.M5.jar:/home/jtamland/.m2/repository/com/zaxxer/HikariCP/2.7.2/HikariCP-2.7.2.jar:/home/jtamland/.m2/repository/org/springframework/spring-jdbc/5.0.0.RELEASE/spring-jdbc-5.0.0.RELEASE.jar:/home/jtamland/.m2/repository/org/hibernate/hibernate-core/5.2.11.Final/hibernate-core-5.2.11.Final.jar:/home/jtamland/.m2/repository/org/jboss/logging/jboss-logging/3.3.1.Final/jboss-logging-3.3.1.Final.jar:/home/jtamland/.m2/repository/org/hibernate/javax/persistence/hibernate-jpa-2.1-api/1.0.0.Final/hibernate-jpa-2.1-api-1.0.0.Final.jar:/home/jtamland/.m2/repository/org/javassist/javassist/3.22.0-CR2/javassist-3.22.0-CR2.jar:/home/jtamland/.m2/repository/antlr/antlr/2.7.7/antlr-2.7.7.jar:/home/jtamland/.m2/repository/org/jboss/jandex/2.0.3.Final/jandex-2.0.3.Final.jar:/home/jtamland/.m2/repository/com/fasterxml/classmate/1.3.4/classmate-1.3.4.jar:/home/jtamland/.m2/repository/dom4j/dom4j/1.6.1/dom4j-1.6.1.jar:/home/jtamland/.m2/repository/org/hibernate/common/hibernate-commons-annotations/5.0.1.Final/hibernate-commons-annotations-5.0.1.Final.jar:/home/jtamland/.m2/repository/javax/transaction/javax.transaction-api/1.2/javax.transaction-api-1.2.jar:/home/jtamland/.m2/repository/org/springframework/data/spring-data-jpa/2.0.0.RELEASE/spring-data-jpa-2.0.0.RELEASE.jar:/home/jtamland/.m2/repository/org/springframework/data/spring-data-commons/2.0.0.RELEASE/spring-data-commons-2.0.0.RELEASE.jar:/home/jtamland/.m2/repository/org/springframework/spring-orm/5.0.0.RELEASE/spring-orm-5.0.0.RELEASE.jar:/home/jtamland/.m2/repository/org/springframework/spring-context/5.0.0.RELEASE/spring-context-5.0.0.RELEASE.jar:/home/jtamland/.m2/repository/org/springframework/spring-tx/5.0.0.RELEASE/spring-tx-5.0.0.RELEASE.jar:/home/jtamland/.m2/repository/org/springframework/spring-beans/5.0.0.RELEASE/spring-beans-5.0.0.RELEASE.jar:/home/jtamland/.m2/repository/org/slf4j/slf4j-api/1.7.25/slf4j-api-1.7.25.jar:/home/jtamland/.m2/repository/org/springframework/spring-aspects/5.0.0.RELEASE/spring-aspects-5.0.0.RELEASE.jar:/home/jtamland/.m2/repository/org/springframework/boot/spring-boot-starter-thymeleaf/2.0.0.M5/spring-boot-starter-thymeleaf-2.0.0.M5.jar:/home/jtamland/.m2/repository/org/thymeleaf/thymeleaf-spring5/3.0.8.RELEASE/thymeleaf-spring5-3.0.8.RELEASE.jar:/home/jtamland/.m2/repository/org/thymeleaf/thymeleaf/3.0.8.RELEASE/thymeleaf-3.0.8.RELEASE.jar:/home/jtamland/.m2/repository/org/attoparser/attoparser/2.0.4.RELEASE/attoparser-2.0.4.RELEASE.jar:/home/jtamland/.m2/repository/org/unbescape/unbescape/1.1.5.RELEASE/unbescape-1.1.5.RELEASE.jar:/home/jtamland/.m2/repository/org/thymeleaf/extras/thymeleaf-extras-java8time/3.0.1.RELEASE/thymeleaf-extras-java8time-3.0.1.RELEASE.jar:/home/jtamland/.m2/repository/org/springframework/boot/spring-boot-starter-web/2.0.0.M5/spring-boot-starter-web-2.0.0.M5.jar:/home/jtamland/.m2/repository/org/springframework/boot/spring-boot-starter-json/2.0.0.M5/spring-boot-starter-json-2.0.0.M5.jar:/home/jtamland/.m2/repository/com/fasterxml/jackson/core/jackson-databind/2.9.1/jackson-databind-2.9.1.jar:/home/jtamland/.m2/repository/com/fasterxml/jackson/core/jackson-annotations/2.9.0/jackson-annotations-2.9.0.jar:/home/jtamland/.m2/repository/com/fasterxml/jackson/core/jackson-core/2.9.1/jackson-core-2.9.1.jar:/home/jtamland/.m2/repository/com/fasterxml/jackson/datatype/jackson-datatype-jdk8/2.9.1/jackson-datatype-jdk8-2.9.1.jar:/home/jtamland/.m2/repository/com/fasterxml/jackson/datatype/jackson-datatype-jsr310/2.9.1/jackson-datatype-jsr310-2.9.1.jar:/home/jtamland/.m2/repository/com/fasterxml/jackson/module/jackson-module-parameter-names/2.9.1/jackson-module-parameter-names-2.9.1.jar:/home/jtamland/.m2/repository/com/fasterxml/jackson/module/jackson-module-kotlin/2.9.1/jackson-module-kotlin-2.9.1.jar:/home/jtamland/.m2/repository/org/springframework/boot/spring-boot-starter-tomcat/2.0.0.M5/spring-boot-starter-tomcat-2.0.0.M5.jar:/home/jtamland/.m2/repository/org/apache/tomcat/embed/tomcat-embed-core/8.5.23/tomcat-embed-core-8.5.23.jar:/home/jtamland/.m2/repository/org/apache/tomcat/tomcat-annotations-api/8.5.23/tomcat-annotations-api-8.5.23.jar:/home/jtamland/.m2/repository/org/apache/tomcat/embed/tomcat-embed-el/8.5.23/tomcat-embed-el-8.5.23.jar:/home/jtamland/.m2/repository/org/apache/tomcat/embed/tomcat-embed-websocket/8.5.23/tomcat-embed-websocket-8.5.23.jar:/home/jtamland/.m2/repository/org/hibernate/validator/hibernate-validator/6.0.2.Final/hibernate-validator-6.0.2.Final.jar:/home/jtamland/.m2/repository/javax/validation/validation-api/2.0.0.Final/validation-api-2.0.0.Final.jar:/home/jtamland/.m2/repository/org/springframework/spring-web/5.0.0.RELEASE/spring-web-5.0.0.RELEASE.jar:/home/jtamland/.m2/repository/org/springframework/spring-webmvc/5.0.0.RELEASE/spring-webmvc-5.0.0.RELEASE.jar:/home/jtamland/.m2/repository/org/springframework/spring-expression/5.0.0.RELEASE/spring-expression-5.0.0.RELEASE.jar:/home/jtamland/.m2/repository/org/springframework/boot/spring-boot-devtools/2.0.0.M5/spring-boot-devtools-2.0.0.M5.jar:/home/jtamland/.m2/repository/org/springframework/boot/spring-boot/2.0.0.M5/spring-boot-2.0.0.M5.jar:/home/jtamland/.m2/repository/org/springframework/boot/spring-boot-autoconfigure/2.0.0.M5/spring-boot-autoconfigure-2.0.0.M5.jar:/home/jtamland/.m2/repository/org/springframework/boot/spring-boot-starter-test/2.0.0.M5/spring-boot-starter-test-2.0.0.M5.jar:/home/jtamland/.m2/repository/org/springframework/boot/spring-boot-test/2.0.0.M5/spring-boot-test-2.0.0.M5.jar:/home/jtamland/.m2/repository/org/springframework/boot/spring-boot-test-autoconfigure/2.0.0.M5/spring-boot-test-autoconfigure-2.0.0.M5.jar:/home/jtamland/.m2/repository/com/jayway/jsonpath/json-path/2.4.0/json-path-2.4.0.jar:/home/jtamland/.m2/repository/net/minidev/json-smart/2.3/json-smart-2.3.jar:/home/jtamland/.m2/repository/net/minidev/accessors-smart/1.2/accessors-smart-1.2.jar:/home/jtamland/.m2/repository/org/ow2/asm/asm/5.0.4/asm-5.0.4.jar:/home/jtamland/.m2/repository/junit/junit/4.12/junit-4.12.jar:/home/jtamland/.m2/repository/org/assertj/assertj-core/3.8.0/assertj-core-3.8.0.jar:/home/jtamland/.m2/repository/org/mockito/mockito-core/2.10.0/mockito-core-2.10.0.jar:/home/jtamland/.m2/repository/net/bytebuddy/byte-buddy/1.7.6/byte-buddy-1.7.6.jar:/home/jtamland/.m2/repository/net/bytebuddy/byte-buddy-agent/1.7.6/byte-buddy-agent-1.7.6.jar:/home/jtamland/.m2/repository/org/objenesis/objenesis/2.6/objenesis-2.6.jar:/home/jtamland/.m2/repository/org/hamcrest/hamcrest-core/1.3/hamcrest-core-1.3.jar:/home/jtamland/.m2/repository/org/hamcrest/hamcrest-library/1.3/hamcrest-library-1.3.jar:/home/jtamland/.m2/repository/org/skyscreamer/jsonassert/1.5.0/jsonassert-1.5.0.jar:/home/jtamland/.m2/repository/com/vaadin/external/google/android-json/0.0.20131108.vaadin1/android-json-0.0.20131108.vaadin1.jar:/home/jtamland/.m2/repository/org/springframework/spring-core/5.0.0.RELEASE/spring-core-5.0.0.RELEASE.jar:/home/jtamland/.m2/repository/org/springframework/spring-jcl/5.0.0.RELEASE/spring-jcl-5.0.0.RELEASE.jar:/home/jtamland/.m2/repository/org/springframework/spring-test/5.0.0.RELEASE/spring-test-5.0.0.RELEASE.jar:/home/jtamland/.m2/repository/org/xmlunit/xmlunit-core/2.5.0/xmlunit-core-2.5.0.jar:/home/jtamland/.m2/repository/com/h2database/h2/1.4.196/h2-1.4.196.jar:/home/jtamland/.m2/repository/org/postgresql/postgresql/42.1.4/postgresql-42.1.4.jar:/home/jtamland/.m2/repository/org/projectlombok/lombok/1.16.18/lombok-1.16.18.jar:/home/jtamland/.m2/repository/org/jacoco/jacoco-maven-plugin/0.7.5.201505241946/jacoco-maven-plugin-0.7.5.201505241946.jar:/home/jtamland/.m2/repository/org/apache/maven/maven-plugin-api/2.2.1/maven-plugin-api-2.2.1.jar:/home/jtamland/.m2/repository/org/apache/maven/maven-project/2.2.1/maven-project-2.2.1.jar:/home/jtamland/.m2/repository/org/apache/maven/maven-settings/2.2.1/maven-settings-2.2.1.jar:/home/jtamland/.m2/repository/org/apache/maven/maven-profile/2.2.1/maven-profile-2.2.1.jar:/home/jtamland/.m2/repository/org/apache/maven/maven-model/2.2.1/maven-model-2.2.1.jar:/home/jtamland/.m2/repository/org/apache/maven/maven-artifact-manager/2.2.1/maven-artifact-manager-2.2.1.jar:/home/jtamland/.m2/repository/org/apache/maven/maven-repository-metadata/2.2.1/maven-repository-metadata-2.2.1.jar:/home/jtamland/.m2/repository/org/apache/maven/wagon/wagon-provider-api/1.0-beta-6/wagon-provider-api-1.0-beta-6.jar:/home/jtamland/.m2/repository/backport-util-concurrent/backport-util-concurrent/3.1/backport-util-concurrent-3.1.jar:/home/jtamland/.m2/repository/org/apache/maven/maven-plugin-registry/2.2.1/maven-plugin-registry-2.2.1.jar:/home/jtamland/.m2/repository/org/codehaus/plexus/plexus-interpolation/1.11/plexus-interpolation-1.11.jar:/home/jtamland/.m2/repository/org/apache/maven/maven-artifact/2.2.1/maven-artifact-2.2.1.jar:/home/jtamland/.m2/repository/org/codehaus/plexus/plexus-container-default/1.0-alpha-9-stable-1/plexus-container-default-1.0-alpha-9-stable-1.jar:/home/jtamland/.m2/repository/classworlds/classworlds/1.1-alpha-2/classworlds-1.1-alpha-2.jar:/home/jtamland/.m2/repository/org/codehaus/plexus/plexus-utils/1.5.6/plexus-utils-1.5.6.jar:/home/jtamland/.m2/repository/org/apache/maven/shared/file-management/1.2.1/file-management-1.2.1.jar:/home/jtamland/.m2/repository/org/apache/maven/shared/maven-shared-io/1.1/maven-shared-io-1.1.jar:/home/jtamland/.m2/repository/org/apache/maven/reporting/maven-reporting-api/2.2.1/maven-reporting-api-2.2.1.jar:/home/jtamland/.m2/repository/org/apache/maven/doxia/doxia-sink-api/1.1/doxia-sink-api-1.1.jar:/home/jtamland/.m2/repository/org/apache/maven/doxia/doxia-logging-api/1.1/doxia-logging-api-1.1.jar:/home/jtamland/.m2/repository/org/apache/maven/reporting/maven-reporting-impl/2.1/maven-reporting-impl-2.1.jar:/home/jtamland/.m2/repository/org/apache/maven/doxia/doxia-core/1.1.2/doxia-core-1.1.2.jar:/home/jtamland/.m2/repository/xerces/xercesImpl/2.8.1/xercesImpl-2.8.1.jar:/home/jtamland/.m2/repository/commons-lang/commons-lang/2.4/commons-lang-2.4.jar:/home/jtamland/.m2/repository/commons-httpclient/commons-httpclient/3.1/commons-httpclient-3.1.jar:/home/jtamland/.m2/repository/commons-codec/commons-codec/1.10/commons-codec-1.10.jar:/home/jtamland/.m2/repository/org/apache/maven/doxia/doxia-site-renderer/1.1.2/doxia-site-renderer-1.1.2.jar:/home/jtamland/.m2/repository/org/apache/maven/doxia/doxia-decoration-model/1.1.2/doxia-decoration-model-1.1.2.jar:/home/jtamland/.m2/repository/org/apache/maven/doxia/doxia-module-xhtml/1.1.2/doxia-module-xhtml-1.1.2.jar:/home/jtamland/.m2/repository/org/apache/maven/doxia/doxia-module-fml/1.1.2/doxia-module-fml-1.1.2.jar:/home/jtamland/.m2/repository/org/codehaus/plexus/plexus-i18n/1.0-beta-7/plexus-i18n-1.0-beta-7.jar:/home/jtamland/.m2/repository/org/codehaus/plexus/plexus-velocity/1.1.7/plexus-velocity-1.1.7.jar:/home/jtamland/.m2/repository/org/apache/velocity/velocity/1.5/velocity-1.5.jar:/home/jtamland/.m2/repository/commons-collections/commons-collections/3.2.2/commons-collections-3.2.2.jar:/home/jtamland/.m2/repository/commons-validator/commons-validator/1.2.0/commons-validator-1.2.0.jar:/home/jtamland/.m2/repository/commons-beanutils/commons-beanutils/1.9.3/commons-beanutils-1.9.3.jar:/home/jtamland/.m2/repository/commons-digester/commons-digester/2.1/commons-digester-2.1.jar:/home/jtamland/.m2/repository/commons-logging/commons-logging/1.0.4/commons-logging-1.0.4.jar:/home/jtamland/.m2/repository/oro/oro/2.0.8/oro-2.0.8.jar:/home/jtamland/.m2/repository/xml-apis/xml-apis/1.4.01/xml-apis-1.4.01.jar:/home/jtamland/.m2/repository/org/jacoco/org.jacoco.agent/0.7.5.201505241946/org.jacoco.agent-0.7.5.201505241946-runtime.jar:/home/jtamland/.m2/repository/org/jacoco/org.jacoco.core/0.7.5.201505241946/org.jacoco.core-0.7.5.201505241946.jar:/home/jtamland/.m2/repository/org/ow2/asm/asm-debug-all/5.0.1/asm-debug-all-5.0.1.jar:/home/jtamland/.m2/repository/org/jacoco/org.jacoco.report/0.7.5.201505241946/org.jacoco.report-0.7.5.201505241946.jar:, user.name=jtamland, java.vm.specification.version=1.8, sun.java.command=/home/jtamland/Documents/springNews/target/surefire/surefirebooter7536458021231294939.jar /home/jtamland/Documents/springNews/target/surefire 2017-12-08T23-49-29_895-jvmRun1 surefire4998954573574801414tmp surefire_07349333865016700256tmp, java.home=/usr/lib/jvm/java-8-oracle/jre, sun.arch.data.model=64, user.language=en, java.specification.vendor=Oracle Corporation, user.language.format=fi, awt.toolkit=sun.awt.X11.XToolkit, java.vm.info=mixed mode, java.version=1.8.0_151, java.ext.dirs=/usr/lib/jvm/java-8-oracle/jre/lib/ext:/usr/java/packages/lib/ext, sun.boot.class.path=/usr/lib/jvm/java-8-oracle/jre/lib/resources.jar:/usr/lib/jvm/java-8-oracle/jre/lib/rt.jar:/usr/lib/jvm/java-8-oracle/jre/lib/sunrsasign.jar:/usr/lib/jvm/java-8-oracle/jre/lib/jsse.jar:/usr/lib/jvm/java-8-oracle/jre/lib/jce.jar:/usr/lib/jvm/java-8-oracle/jre/lib/charsets.jar:/usr/lib/jvm/java-8-oracle/jre/lib/jfr.jar:/usr/lib/jvm/java-8-oracle/jre/classes, java.vendor=Oracle Corporation, localRepository=/home/jtamland/.m2/repository, file.separator=/, java.vendor.url.bug=http://bugreport.sun.com/bugreport/, sun.io.unicode.encoding=UnicodeLittle, sun.cpu.endian=little, sun.desktop=gnome, sun.cpu.isalist=}}, SystemEnvironmentPropertySource@1040385133 {name='systemEnvironment', properties={PATH=/home/jtamland/.rvm/gems/ruby-2.3.3/bin:/home/jtamland/.rvm/gems/ruby-2.3.3@global/bin:/home/jtamland/.rvm/rubies/ruby-2.3.3/bin:/home/jtamland/bin:/home/jtamland/.local/bin:/home/jtamland/.nvm/versions/node/v8.8.0/bin:/home/jtamland/bin:/home/jtamland/.local/bin:/usr/local/bin:/usr/bin:/bin:/snap/bin:/usr/lib/jvm/java-8-oracle/bin:/usr/lib/jvm/java-8-oracle/db/bin:/usr/lib/jvm/java-8-oracle/jre/bin:/home/jtamland/.rvm/bin:/snap/bin:/usr/lib/jvm/java-8-oracle/bin:/usr/lib/jvm/java-8-oracle/db/bin:/usr/lib/jvm/java-8-oracle/jre/bin:/home/jtamland/.rvm/bin:/opt/gradle/gradle-4.3/bin:/home/jtamland/.rvm/bin, IRBRC=/home/jtamland/.rvm/rubies/ruby-2.3.3/.irbrc, XAUTHORITY=/home/jtamland/.Xauthority, XDG_DATA_DIRS=/usr/share/cinnamon:/usr/share/gnome:/usr/local/share/:/usr/share/:/var/lib/snapd/desktop, GDMSESSION=cinnamon, MANDATORY_PATH=/usr/share/gconf/cinnamon.mandatory.path, DBUS_SESSION_BUS_ADDRESS=unix:abstract=/tmp/dbus-MDEv7FKCNx,guid=7ac4b05ed9571f0f015258355a290199, DEFAULTS_PATH=/usr/share/gconf/cinnamon.default.path, XDG_CURRENT_DESKTOP=X-Cinnamon, SSH_AGENT_PID=2149, SESSION_MANAGER=local/fuxi16:@/tmp/.ICE-unix/2086,unix/fuxi16:/tmp/.ICE-unix/2086, QT_LINUX_ACCESSIBILITY_ALWAYS_ON=1, LOGNAME=jtamland, rvm_version=1.29.1 (latest), PWD=/home/jtamland/Documents/springNews, DERBY_HOME=/usr/lib/jvm/java-8-oracle/db, LANGUAGE=en_GB.UTF-8, WINDOWID=67108870, GJS_DEBUG_TOPICS=JS ERROR;JS LOG, NVM_CD_FLAGS=, SHELL=/bin/bash, LESSOPEN=| /usr/bin/lesspipe %s, MY_RUBY_HOME=/home/jtamland/.rvm/rubies/ruby-2.3.3, GTK2_MODULES=overlay-scrollbar, J2SDKDIR=/usr/lib/jvm/java-8-oracle, OLDPWD=/home/jtamland/Documents/springNews, GEM_HOME=/home/jtamland/.rvm/gems/ruby-2.3.3, rvm_path=/home/jtamland/.rvm, GNOME_DESKTOP_SESSION_ID=this-is-deprecated, GTK_MODULES=gail:atk-bridge, J2REDIR=/usr/lib/jvm/java-8-oracle/jre, RUBY
[...]
23:49:32.210 [main] DEBUG org.springframework.test.context.support.TestPropertySourceUtils - Adding inlined properties to environment: {spring.jmx.enabled=false, org.springframework.boot.test.context.SpringBootTestContextBootstrapper=true, server.port=-1}
23:49:32.210 [main] DEBUG org.springframework.core.env.StandardEnvironment - Adding PropertySource 'Inlined Test Properties' with highest search precedence

  .   ____          _            __ _ _
 /\\ / ___'_ __ _ _(_)_ __  __ _ \ \ \ \
( ( )\___ | '_ | '_| | '_ \/ _` | \ \ \ \
 \\/  ___)| |_)| | | | | || (_| |  ) ) ) )
  '  |____| .__|_| |_|_| |_\__, | / / / /
 =========|_|==============|___/=/_/_/_/
 :: Spring Boot ::             (v2.0.0.M5)

2017-12-08 23:49:32.735  INFO 29304 --- [           main] wad.serviceTests.NewServiceTest          : Starting NewServiceTest on fuxi16 with PID 29304 (started by jtamland in /home/jtamland/Documents/springNews)
2017-12-08 23:49:32.739  INFO 29304 --- [           main] wad.serviceTests.NewServiceTest          : The following profiles are active: production
2017-12-08 23:49:32.859  INFO 29304 --- [           main] o.s.w.c.s.GenericWebApplicationContext   : Refreshing org.springframework.web.context.support.GenericWebApplicationContext@55397d15: startup date [Fri Dec 08 23:49:32 EET 2017]; root of context hierarchy
2017-12-08 23:49:36.386  WARN 29304 --- [           main] o.s.w.c.s.GenericWebApplicationContext   : Exception encountered during context initialization - cancelling refresh attempt: org.springframework.beans.factory.UnsatisfiedDependencyException: Error creating bean with name 'org.springframework.boot.autoconfigure.orm.jpa.HibernateJpaConfiguration': Unsatisfied dependency expressed through constructor parameter 0; nested exception is org.springframework.beans.factory.BeanCreationException: Error creating bean with name 'dataSource': Could not bind properties to 'HikariDataSource': prefix=spring.datasource, ignoreInvalidFields=false, ignoreUnknownFields=true; nested exception is org.springframework.boot.context.properties.bind.BindException: Failed to bind properties under 'spring.datasource.username' to java.lang.String
2017-12-08 23:49:36.404  INFO 29304 --- [           main] utoConfigurationReportLoggingInitializer : 

Error starting ApplicationContext. To display the auto-configuration report re-run your application with 'debug' enabled.
2017-12-08 23:49:36.408 ERROR 29304 --- [           main] o.s.b.d.LoggingFailureAnalysisReporter   : 

***************************
APPLICATION FAILED TO START
***************************

Description:

Binding to target [Bindable@2d239324 type = java.lang.String, value = 'provided', annotations = array<Annotation>[[empty]]] failed:

    Property: spring.datasource.username
    Value: ${JDBC_DATABASE_USERNAME}
    Origin: class path resource [application-production.properties]:4:28
    Reason: Could not resolve placeholder 'JDBC_DATABASE_USERNAME' in value "${JDBC_DATABASE_USERNAME}"

Action:

Update your application's configuration

2017-12-08 23:49:36.420 ERROR 29304 --- [           main] o.s.test.context.TestContextManager      : Caught exception while allowing TestExecutionListener [org.springframework.test.context.web.ServletTestExecutionListener@5cfed0ba] to prepare test instance [wad.serviceTests.NewServiceTest@42caaae4]

java.lang.IllegalStateException: Failed to load ApplicationContext
	at org.springframework.test.context.cache.DefaultCacheAwareContextLoaderDelegate.loadContext(DefaultCacheAwareContextLoaderDelegate.java:125) ~[spring-test-5.0.0.RELEASE.jar:5.0.0.RELEASE]
	at org.springframework.test.context.support.DefaultTestContext.getApplicationContext(DefaultTestContext.java:107) ~[spring-test-5.0.0.RELEASE.jar:5.0.0.RELEASE]
	at org.springframework.test.context.web.ServletTestExecutionListener.setUpRequestContextIfNecessary(ServletTestExecutionListener.java:190) ~[spring-test-5.0.0.RELEASE.jar:5.0.0.RELEASE]
	at org.springframework.test.context.web.ServletTestExecutionListener.prepareTestInstance(ServletTestExecutionListener.java:132) ~[spring-test-5.0.0.RELEASE.jar:5.0.0.RELEASE]
	at org.springframework.test.context.TestContextManager.prepareTestInstance(TestContextManager.java:242) ~[spring-test-5.0.0.RELEASE.jar:5.0.0.RELEASE]
	at org.springframework.test.context.junit4.SpringJUnit4ClassRunner.createTest(SpringJUnit4ClassRunner.java:227) [spring-test-5.0.0.RELEASE.jar:5.0.0.RELEASE]
	at org.springframework.test.context.junit4.SpringJUnit4ClassRunner$1.runReflectiveCall(SpringJUnit4ClassRunner.java:289) [spring-test-5.0.0.RELEASE.jar:5.0.0.RELEASE]
	at org.junit.internal.runners.model.ReflectiveCallable.run(ReflectiveCallable.java:12) [junit-4.12.jar:4.12]
	at org.springframework.test.context.junit4.SpringJUnit4ClassRunner.methodBlock(SpringJUnit4ClassRunner.java:291) [spring-test-5.0.0.RELEASE.jar:5.0.0.RELEASE]
	at org.springframework.test.context.junit4.SpringJUnit4ClassRunner.runChild(SpringJUnit4ClassRunner.java:246) [spring-test-5.0.0.RELEASE.jar:5.0.0.RELEASE]
	at org.springframework.test.context.junit4.SpringJUnit4ClassRunner.runChild(SpringJUnit4ClassRunner.java:97) [spring-test-5.0.0.RELEASE.jar:5.0.0.RELEASE]
	at org.junit.runners.ParentRunner$3.run(ParentRunner.java:290) [junit-4.12.jar:4.12]
	at org.junit.runners.ParentRunner$1.schedule(ParentRunner.java:71) [junit-4.12.jar:4.12]
	at org.junit.runners.ParentRunner.runChildren(ParentRunner.java:288) [junit-4.12.jar:4.12]
	at org.junit.runners.ParentRunner.access$000(ParentRunner.java:58) [junit-4.12.jar:4.12]
	at org.junit.runners.ParentRunner$2.evaluate(ParentRunner.java:268) [junit-4.12.jar:4.12]
	at org.springframework.test.context.junit4.statements.RunBeforeTestClassCallbacks.evaluate(RunBeforeTestClassCallbacks.java:61) [spring-test-5.0.0.RELEASE.jar:5.0.0.RELEASE]
	at org.springframework.test.context.junit4.statements.RunAfterTestClassCallbacks.evaluate(RunAfterTestClassCallbacks.java:70) [spring-test-5.0.0.RELEASE.jar:5.0.0.RELEASE]
	at org.junit.runners.ParentRunner.run(ParentRunner.java:363) [junit-4.12.jar:4.12]
	at org.springframework.test.context.junit4.SpringJUnit4ClassRunner.run(SpringJUnit4ClassRunner.java:190) [spring-test-5.0.0.RELEASE.jar:5.0.0.RELEASE]
	at org.apache.maven.surefire.junit4.JUnit4Provider.execute(JUnit4Provider.java:369) [surefire-junit4-2.20.1.jar:2.20.1]
	at org.apache.maven.surefire.junit4.JUnit4Provider.executeWithRerun(JUnit4Provider.java:275) [surefire-junit4-2.20.1.jar:2.20.1]
	at org.apache.maven.surefire.junit4.JUnit4Provider.executeTestSet(JUnit4Provider.java:239) [surefire-junit4-2.20.1.jar:2.20.1]
	at org.apache.maven.surefire.junit4.JUnit4Provider.invoke(JUnit4Provider.java:160) [surefire-junit4-2.20.1.jar:2.20.1]
	at org.apache.maven.surefire.booter.ForkedBooter.invokeProviderInSameClassLoader(ForkedBooter.java:373) [surefire-booter-2.20.1.jar:2.20.1]
	at org.apache.maven.surefire.booter.ForkedBooter.runSuitesInProcess(ForkedBooter.java:334) [surefire-booter-2.20.1.jar:2.20.1]
	at org.apache.maven.surefire.booter.ForkedBooter.execute(ForkedBooter.java:119) [surefire-booter-2.20.1.jar:2.20.1]
	at org.apache.maven.surefire.booter.ForkedBooter.main(ForkedBooter.java:407) [surefire-booter-2.20.1.jar:2.20.1]
Caused by: org.springframework.beans.factory.UnsatisfiedDependencyException: Error creating bean with name 'org.springframework.boot.autoconfigure.orm.jpa.HibernateJpaConfiguration': Unsatisfied dependency expressed through constructor parameter 0; nested exception is org.springframework.beans.factory.BeanCreationException: Error creating bean with name 'dataSource': Could not bind properties to 'HikariDataSource': prefix=spring.datasource, ignoreInvalidFields=false, ignoreUnknownFields=true; nested exception is org.springframework.boot.context.properties.bind.BindException: Failed to bind properties under 'spring.datasource.username' to java.lang.String
	at org.springframework.beans.factory.support.ConstructorResolver.createArgumentArray(ConstructorResolver.java:723) ~[spring-beans-5.0.0.RELEASE.jar:5.0.0.RELEASE]
	at org.springframework.beans.factory.support.ConstructorResolver.autowireConstructor(ConstructorResolver.java:192) ~[spring-beans-5.0.0.RELEASE.jar:5.0.0.RELEASE]
	at org.springframework.beans.factory.support.AbstractAutowireCapableBeanFactory.autowireConstructor(AbstractAutowireCapableBeanFactory.java:1269) ~[spring-beans-5.0.0.RELEASE.jar:5.0.0.RELEASE]
	at org.springframework.beans.factory.support.AbstractAutowireCapableBeanFactory.createBeanInstance(AbstractAutowireCapableBeanFactory.java:1126) ~[spring-beans-5.0.0.RELEASE.jar:5.0.0.RELEASE]
	at org.springframework.beans.factory.support.AbstractAutowireCapableBeanFactory.doCreateBean(AbstractAutowireCapableBeanFactory.java:545) ~[spring-beans-5.0.0.RELEASE.jar:5.0.0.RELEASE]
	at org.springframework.beans.factory.support.AbstractAutowireCapableBeanFactory.createBean(AbstractAutowireCapableBeanFactory.java:502) ~[spring-beans-5.0.0.RELEASE.jar:5.0.0.RELEASE]
	at org.springframework.beans.factory.support.AbstractBeanFactory.lambda$doGetBean$0(AbstractBeanFactory.java:312) ~[spring-beans-5.0.0.RELEASE.jar:5.0.0.RELEASE]
	at org.springframework.beans.factory.support.DefaultSingletonBeanRegistry.getSingleton(DefaultSingletonBeanRegistry.java:228) ~[spring-beans-5.0.0.RELEASE.jar:5.0.0.RELEASE]
	at org.springframework.beans.factory.support.AbstractBeanFactory.doGetBean(AbstractBeanFactory.java:310) ~[spring-beans-5.0.0.RELEASE.jar:5.0.0.RELEASE]
	at org.springframework.beans.factory.support.AbstractBeanFactory.getBean(AbstractBeanFactory.java:200) ~[spring-beans-5.0.0.RELEASE.jar:5.0.0.RELEASE]
	at org.springframework.beans.factory.support.ConstructorResolver.instantiateUsingFactoryMethod(ConstructorResolver.java:368) ~[spring-beans-5.0.0.RELEASE.jar:5.0.0.RELEASE]
	at org.springframework.beans.factory.support.AbstractAutowireCapableBeanFactory.instantiateUsingFactoryMethod(AbstractAutowireCapableBeanFactory.java:1249) ~[spring-beans-5.0.0.RELEASE.jar:5.0.0.RELEASE]
	at org.springframework.beans.factory.support.AbstractAutowireCapableBeanFactory.createBeanInstance(AbstractAutowireCapableBeanFactory.java:1098) ~[spring-beans-5.0.0.RELEASE.jar:5.0.0.RELEASE]
	at org.springframework.beans.factory.support.AbstractAutowireCapableBeanFactory.doCreateBean(AbstractAutowireCapableBeanFactory.java:545) ~[spring-beans-5.0.0.RELEASE.jar:5.0.0.RELEASE]
	at org.springframework.beans.factory.support.AbstractAutowireCapableBeanFactory.createBean(AbstractAutowireCapableBeanFactory.java:502) ~[spring-beans-5.0.0.RELEASE.jar:5.0.0.RELEASE]
	at org.springframework.beans.factory.support.AbstractBeanFactory.lambda$doGetBean$0(AbstractBeanFactory.java:312) ~[spring-beans-5.0.0.RELEASE.jar:5.0.0.RELEASE]
	at org.springframework.beans.factory.support.DefaultSingletonBeanRegistry.getSingleton(DefaultSingletonBeanRegistry.java:228) ~[spring-beans-5.0.0.RELEASE.jar:5.0.0.RELEASE]
	at org.springframework.beans.factory.support.AbstractBeanFactory.doGetBean(AbstractBeanFactory.java:310) ~[spring-beans-5.0.0.RELEASE.jar:5.0.0.RELEASE]
	at org.springframework.beans.factory.support.AbstractBeanFactory.getBean(AbstractBeanFactory.java:200) ~[spring-beans-5.0.0.RELEASE.jar:5.0.0.RELEASE]
	at org.springframework.context.support.AbstractApplicationContext.getBean(AbstractApplicationContext.java:1083) ~[spring-context-5.0.0.RELEASE.jar:5.0.0.RELEASE]
	at org.springframework.context.support.AbstractApplicationContext.finishBeanFactoryInitialization(AbstractApplicationContext.java:858) ~[spring-context-5.0.0.RELEASE.jar:5.0.0.RELEASE]
	at org.springframework.context.support.AbstractApplicationContext.refresh(AbstractApplicationContext.java:549) ~[spring-context-5.0.0.RELEASE.jar:5.0.0.RELEASE]
	at org.springframework.boot.SpringApplication.refresh(SpringApplication.java:750) ~[spring-boot-2.0.0.M5.jar:2.0.0.M5]
	at org.springframework.boot.SpringApplication.refreshContext(SpringApplication.java:386) ~[spring-boot-2.0.0.M5.jar:2.0.0.M5]
	at org.springframework.boot.SpringApplication.run(SpringApplication.java:327) ~[spring-boot-2.0.0.M5.jar:2.0.0.M5]
	at org.springframework.boot.test.context.SpringBootContextLoader.loadContext(SpringBootContextLoader.java:138) ~[spring-boot-test-2.0.0.M5.jar:2.0.0.M5]
	at org.springframework.test.context.cache.DefaultCacheAwareContextLoaderDelegate.loadContextInternal(DefaultCacheAwareContextLoaderDelegate.java:99) ~[spring-test-5.0.0.RELEASE.jar:5.0.0.RELEASE]
	at org.springframework.test.context.cache.DefaultCacheAwareContextLoaderDelegate.loadContext(DefaultCacheAwareContextLoaderDelegate.java:117) ~[spring-test-5.0.0.RELEASE.jar:5.0.0.RELEASE]
	... 27 common frames omitted
Caused by: org.springframework.beans.factory.BeanCreationException: Error creating bean with name 'dataSource': Could not bind properties to 'HikariDataSource': prefix=spring.datasource, ignoreInvalidFields=false, ignoreUnknownFields=true; nested exception is org.springframework.boot.context.properties.bind.BindException: Failed to bind properties under 'spring.datasource.username' to java.lang.String
	at org.springframework.boot.context.properties.ConfigurationPropertiesBindingPostProcessor.postProcessBeforeInitialization(ConfigurationPropertiesBindingPostProcessor.java:212) ~[spring-boot-2.0.0.M5.jar:2.0.0.M5]
	at org.springframework.beans.factory.support.AbstractAutowireCapableBeanFactory.applyBeanPostProcessorsBeforeInitialization(AbstractAutowireCapableBeanFactory.java:423) ~[spring-beans-5.0.0.RELEASE.jar:5.0.0.RELEASE]
	at org.springframework.beans.factory.support.AbstractAutowireCapableBeanFactory.initializeBean(AbstractAutowireCapableBeanFactory.java:1696) ~[spring-beans-5.0.0.RELEASE.jar:5.0.0.RELEASE]
	at org.springframework.beans.factory.support.AbstractAutowireCapableBeanFactory.doCreateBean(AbstractAutowireCapableBeanFactory.java:583) ~[spring-beans-5.0.0.RELEASE.jar:5.0.0.RELEASE]
	at org.springframework.beans.factory.support.AbstractAutowireCapableBeanFactory.createBean(AbstractAutowireCapableBeanFactory.java:502) ~[spring-beans-5.0.0.RELEASE.jar:5.0.0.RELEASE]
	at org.springframework.beans.factory.support.AbstractBeanFactory.lambda$doGetBean$0(AbstractBeanFactory.java:312) ~[spring-beans-5.0.0.RELEASE.jar:5.0.0.RELEASE]
	at org.springframework.beans.factory.support.DefaultSingletonBeanRegistry.getSingleton(DefaultSingletonBeanRegistry.java:228) ~[spring-beans-5.0.0.RELEASE.jar:5.0.0.RELEASE]
	at org.springframework.beans.factory.support.AbstractBeanFactory.doGetBean(AbstractBeanFactory.java:310) ~[spring-beans-5.0.0.RELEASE.jar:5.0.0.RELEASE]
	at org.springframework.beans.factory.support.AbstractBeanFactory.getBean(AbstractBeanFactory.java:200) ~[spring-beans-5.0.0.RELEASE.jar:5.0.0.RELEASE]
	at org.springframework.beans.factory.config.DependencyDescriptor.resolveCandidate(DependencyDescriptor.java:251) ~[spring-beans-5.0.0.RELEASE.jar:5.0.0.RELEASE]
	at org.springframework.beans.factory.support.DefaultListableBeanFactory.doResolveDependency(DefaultListableBeanFactory.java:1133) ~[spring-beans-5.0.0.RELEASE.jar:5.0.0.RELEASE]
	at org.springframework.beans.factory.support.DefaultListableBeanFactory.resolveDependency(DefaultListableBeanFactory.java:1060) ~[spring-beans-5.0.0.RELEASE.jar:5.0.0.RELEASE]
	at org.springframework.beans.factory.support.ConstructorResolver.resolveAutowiredArgument(ConstructorResolver.java:809) ~[spring-beans-5.0.0.RELEASE.jar:5.0.0.RELEASE]
	at org.springframework.beans.factory.support.ConstructorResolver.createArgumentArray(ConstructorResolver.java:715) ~[spring-beans-5.0.0.RELEASE.jar:5.0.0.RELEASE]
	... 54 common frames omitted
Caused by: org.springframework.boot.context.properties.bind.BindException: Failed to bind properties under 'spring.datasource.username' to java.lang.String
	at org.springframework.boot.context.properties.bind.Binder.handleBindError(Binder.java:225) ~[spring-boot-2.0.0.M5.jar:2.0.0.M5]
	at org.springframework.boot.context.properties.bind.Binder.bind(Binder.java:201) ~[spring-boot-2.0.0.M5.jar:2.0.0.M5]
	at org.springframework.boot.context.properties.bind.Binder.lambda$bindBean$4(Binder.java:298) ~[spring-boot-2.0.0.M5.jar:2.0.0.M5]
	at org.springframework.boot.context.properties.bind.JavaBeanBinder.bind(JavaBeanBinder.java:70) ~[spring-boot-2.0.0.M5.jar:2.0.0.M5]
	at org.springframework.boot.context.properties.bind.JavaBeanBinder.bind(JavaBeanBinder.java:59) ~[spring-boot-2.0.0.M5.jar:2.0.0.M5]
	at org.springframework.boot.context.properties.bind.JavaBeanBinder.bind(JavaBeanBinder.java:51) ~[spring-boot-2.0.0.M5.jar:2.0.0.M5]
	at org.springframework.boot.context.properties.bind.Binder.lambda$null$5(Binder.java:307) ~[spring-boot-2.0.0.M5.jar:2.0.0.M5]
	at java.util.stream.ReferencePipeline$3$1.accept(ReferencePipeline.java:193) ~[na:1.8.0_151]
	at java.util.ArrayList$ArrayListSpliterator.tryAdvance(ArrayList.java:1357) ~[na:1.8.0_151]
	at java.util.stream.ReferencePipeline.forEachWithCancel(ReferencePipeline.java:126) ~[na:1.8.0_151]
	at java.util.stream.AbstractPipeline.copyIntoWithCancel(AbstractPipeline.java:498) ~[na:1.8.0_151]
	at java.util.stream.AbstractPipeline.copyInto(AbstractPipeline.java:485) ~[na:1.8.0_151]
	at java.util.stream.AbstractPipeline.wrapAndCopyInto(AbstractPipeline.java:471) ~[na:1.8.0_151]
	at java.util.stream.FindOps$FindOp.evaluateSequential(FindOps.java:152) ~[na:1.8.0_151]
	at java.util.stream.AbstractPipeline.evaluate(AbstractPipeline.java:234) ~[na:1.8.0_151]
	at java.util.stream.ReferencePipeline.findFirst(ReferencePipeline.java:464) ~[na:1.8.0_151]
	at org.springframework.boot.context.properties.bind.Binder.lambda$bindBean$6(Binder.java:308) ~[spring-boot-2.0.0.M5.jar:2.0.0.M5]
	at org.springframework.boot.context.properties.bind.Binder$Context.withIncreasedDepth(Binder.java:401) ~[spring-boot-2.0.0.M5.jar:2.0.0.M5]
	at org.springframework.boot.context.properties.bind.Binder$Context.withBean(Binder.java:391) ~[spring-boot-2.0.0.M5.jar:2.0.0.M5]
	at org.springframework.boot.context.properties.bind.Binder.bindBean(Binder.java:305) ~[spring-boot-2.0.0.M5.jar:2.0.0.M5]
	at org.springframework.boot.context.properties.bind.Binder.bindObject(Binder.java:248) ~[spring-boot-2.0.0.M5.jar:2.0.0.M5]
	at org.springframework.boot.context.properties.bind.Binder.bind(Binder.java:197) ~[spring-boot-2.0.0.M5.jar:2.0.0.M5]
	at org.springframework.boot.context.properties.bind.Binder.bind(Binder.java:186) ~[spring-boot-2.0.0.M5.jar:2.0.0.M5]
	at org.springframework.boot.context.properties.bind.Binder.bind(Binder.java:168) ~[spring-boot-2.0.0.M5.jar:2.0.0.M5]
	at org.springframework.boot.context.properties.ConfigurationPropertiesBinder.bind(ConfigurationPropertiesBinder.java:101) ~[spring-boot-2.0.0.M5.jar:2.0.0.M5]
	at org.springframework.boot.context.properties.ConfigurationPropertiesBindingPostProcessor.postProcessBeforeInitialization(ConfigurationPropertiesBindingPostProcessor.java:209) ~[spring-boot-2.0.0.M5.jar:2.0.0.M5]
	... 67 common frames omitted
Caused by: java.lang.IllegalArgumentException: Could not resolve placeholder 'JDBC_DATABASE_USERNAME' in value "${JDBC_DATABASE_USERNAME}"
	at org.springframework.util.PropertyPlaceholderHelper.parseStringValue(PropertyPlaceholderHelper.java:172) ~[spring-core-5.0.0.RELEASE.jar:5.0.0.RELEASE]
	at org.springframework.util.PropertyPlaceholderHelper.replacePlaceholders(PropertyPlaceholderHelper.java:124) ~[spring-core-5.0.0.RELEASE.jar:5.0.0.RELEASE]
	at org.springframework.boot.context.properties.bind.PropertySourcesPlaceholdersResolver.resolvePlaceholders(PropertySourcesPlaceholdersResolver.java:60) ~[spring-boot-2.0.0.M5.jar:2.0.0.M5]
	at org.springframework.boot.context.properties.bind.Binder.bindProperty(Binder.java:287) ~[spring-boot-2.0.0.M5.jar:2.0.0.M5]
	at org.springframework.boot.context.properties.bind.Binder.bindObject(Binder.java:246) ~[spring-boot-2.0.0.M5.jar:2.0.0.M5]
	at org.springframework.boot.context.properties.bind.Binder.bind(Binder.java:197) ~[spring-boot-2.0.0.M5.jar:2.0.0.M5]
	... 91 common frames omitted

]]></system-out>
  </testcase>
</testsuite>